#***************************************************************************

#sjplacer

#Version:            1.1

#Build Date:         Apr 25 2016 12:55:34

#File Generated:     Aug 4 2018 15:55:04

#Purpose:            

#Copyright (C) 2010-2011 by Softjin Technologies Pvt Ltd. All rights reserved.

#***************************************************************************

Executing : C:\Program Files (x86)\Cypress\PSoC Creator\3.3\PSoC Creator\bin/sjplacer.exe --proj-name CS301_Class --netlist-vh2 CS301_Class_p.vh2 --arch-file C:\Program Files (x86)\Cypress\PSoC Creator\3.3\PSoC Creator\dev/arch/p35_udb4x6.ark --rrg-file C:\Program Files (x86)\Cypress\PSoC Creator\3.3\PSoC Creator\dev/psoc5/psoc5lp/route_arch-rrg.cydata --irq-file C:\Program Files (x86)\Cypress\PSoC Creator\3.3\PSoC Creator\dev/psoc5/psoc5lp/irqconn.cydata --drq-file C:\Program Files (x86)\Cypress\PSoC Creator\3.3\PSoC Creator\dev/psoc5/psoc5lp/dmaconn.cydata --dsi-conn-file C:\Program Files (x86)\Cypress\PSoC Creator\3.3\PSoC Creator\dev/psoc5/psoc5lp/dsiconn.cydata --pins-file pins_68-QFN.xml --lib-file CS301_Class_p.lib --sdc-file CS301_Class.sdc --io-pcf CS301_Class.pci --outdir .

		Softjin Techologies Placer, Version 1.1

Build Date : Apr 25 2016	12:53:53

D2004: Option and Settings Summary
=============================================================
Netlist vh2 file          - CS301_Class_p.vh2
Architecture file         - C:\Program Files (x86)\Cypress\PSoC Creator\3.3\PSoC Creator\dev/arch/p35_udb4x6.ark
Package                   - 
Defparam file             - 
SDC file                  - CS301_Class.sdc
Output directory          - .
Timing library            - CS301_Class_p.lib
IO Placement file         - CS301_Class.pci

D2050: Starting reading inputs for placer
=============================================================
D2065: Reading netlist file : "CS301_Class_p.vh2"
D2065: Reading arch file : "C:\Program Files (x86)\Cypress\PSoC Creator\3.3\PSoC Creator\dev/arch/p35_udb4x6.ark"
D2051: Reading of inputs for placer completed successfully

D2053: Starting placement of the design
=============================================================

Phase 2
Phase 3

Design Statistics after Packing
    Number of Combinational MCs 	:	33
    Number of Sequential MCs    	:	127
    Number of DPs               	:	7
    Number of Controls          	:	7
    Number of Status            	:	7
    Number of SyncCells         	:	7
    Number of count7cells       	:	2

Device Utilization Summary after Packing
    Macrocells                  :	160/192
    UDBS                        :	24/24
    IOs                         :	31/72


D2088: Phase 3, elapsed time : 0.0 (sec)

Phase 4
D2088: Phase 4, elapsed time : 0.0 (sec)

Phase 5
D2088: Phase 5, elapsed time : 0.0 (sec)

Phase 6

######################################################################
Placement Timing Summary

The timing summary is based on estimated routing delays after
placement. For final timing report, please carry out the timing
analysis after routing.
======================================================================

######################################################################
                     Clock Summary 
======================================================================
Number of clocks: 13
Clock: ADC_IntClock         | Frequency:  26.1 MHz | Target:   1.0 MHz
Clock: ADC_IntClock(routed) | Frequency: N/A       | Target:   1.0 MHz
Clock: Clock2               | Frequency: N/A       | Target:   0.1 MHz
Clock: Clock2(fixed-function) | Frequency: N/A       | Target:   0.1 MHz
Clock: Clock_PWM            | Frequency: N/A       | Target:   1.0 MHz
Clock: Clock_PWM(fixed-function) | Frequency: N/A       | Target:   1.0 MHz
Clock: Clock_QENC           | Frequency:  42.6 MHz | Target:  12.0 MHz
Clock: CyBUS_CLK            | Frequency:  58.4 MHz | Target:  60.0 MHz
Clock: CyILO                | Frequency: N/A       | Target:   0.1 MHz
Clock: CyIMO                | Frequency: N/A       | Target:  24.0 MHz
Clock: CyMASTER_CLK         | Frequency: N/A       | Target:  60.0 MHz
Clock: CyPLL_OUT            | Frequency: N/A       | Target:  60.0 MHz
Clock: UART_IntClock        | Frequency:  31.1 MHz | Target:   0.5 MHz

======================================================================
                     End of Clock Summary
######################################################################

D2088: Phase 6, elapsed time : 0.1 (sec)

Phase 7
######################################################################
                     Clock Summary 
======================================================================
Number of clocks: 13
Clock: ADC_IntClock         | Frequency:  14.8 MHz | Target:   1.0 MHz
Clock: ADC_IntClock(routed) | Frequency: N/A       | Target:   1.0 MHz
Clock: Clock2               | Frequency: N/A       | Target:   0.1 MHz
Clock: Clock2(fixed-function) | Frequency: N/A       | Target:   0.1 MHz
Clock: Clock_PWM            | Frequency: N/A       | Target:   1.0 MHz
Clock: Clock_PWM(fixed-function) | Frequency: N/A       | Target:   1.0 MHz
Clock: Clock_QENC           | Frequency:  35.4 MHz | Target:  12.0 MHz
Clock: CyBUS_CLK            | Frequency:   7.2 MHz | Target:  60.0 MHz
Clock: CyILO                | Frequency: N/A       | Target:   0.1 MHz
Clock: CyIMO                | Frequency: N/A       | Target:  24.0 MHz
Clock: CyMASTER_CLK         | Frequency: N/A       | Target:  60.0 MHz
Clock: CyPLL_OUT            | Frequency: N/A       | Target:  60.0 MHz
Clock: UART_IntClock        | Frequency:   7.2 MHz | Target:   0.5 MHz

======================================================================
                     End of Clock Summary
######################################################################
D2088: Phase 7, elapsed time : 3.5 (sec)

Final Design Statistics
    Number of Combinational MCs 	:	33
    Number of Sequential MCs    	:	127
    Number of DPs               	:	7
    Number of Controls          	:	7
    Number of Status            	:	7
    Number of SyncCells         	:	7
    Number of count7cells       	:	2
    Number of IOs       	:	31

Device Utilization Summary
    Macrocells                  :	160/192
    IOs                         :	31/72



######################################################################
Placement Timing Summary

The timing summary is based on estimated routing delays after
placement. For final timing report, please carry out the timing
analysis after routing.
======================================================================


######################################################################
                     Clock Summary 
======================================================================
Number of clocks: 13
Clock: ADC_IntClock         | Frequency:  14.8 MHz | Target:   1.0 MHz
Clock: ADC_IntClock(routed) | Frequency: N/A       | Target:   1.0 MHz
Clock: Clock2               | Frequency: N/A       | Target:   0.1 MHz
Clock: Clock2(fixed-function) | Frequency: N/A       | Target:   0.1 MHz
Clock: Clock_PWM            | Frequency: N/A       | Target:   1.0 MHz
Clock: Clock_PWM(fixed-function) | Frequency: N/A       | Target:   1.0 MHz
Clock: Clock_QENC           | Frequency:  32.5 MHz | Target:  12.0 MHz
Clock: CyBUS_CLK            | Frequency:   7.6 MHz | Target:  60.0 MHz
Clock: CyILO                | Frequency: N/A       | Target:   0.1 MHz
Clock: CyIMO                | Frequency: N/A       | Target:  24.0 MHz
Clock: CyMASTER_CLK         | Frequency: N/A       | Target:  60.0 MHz
Clock: CyPLL_OUT            | Frequency: N/A       | Target:  60.0 MHz
Clock: UART_IntClock        | Frequency:   7.6 MHz | Target:   0.5 MHz

======================================================================
                     End of Clock Summary
######################################################################

Phase 8
D2088: Phase 8, elapsed time : 0.0 (sec)

D2054: Placement of the design completed successfully

I2076: Total run-time: 4.6 sec.

