ARM GAS  C:\Users\rdso323\AppData\Local\Temp\ccghkCE4.s 			page 1


   1              		.syntax unified
   2              		.cpu cortex-m3
   3              		.fpu softvfp
   4              		.eabi_attribute 20, 1
   5              		.eabi_attribute 21, 1
   6              		.eabi_attribute 23, 3
   7              		.eabi_attribute 24, 1
   8              		.eabi_attribute 25, 1
   9              		.eabi_attribute 26, 1
  10              		.eabi_attribute 30, 6
  11              		.eabi_attribute 34, 1
  12              		.eabi_attribute 18, 4
  13              		.thumb
  14              		.file	"isrRF_RX.c"
  15              		.text
  16              	.Ltext0:
  17              		.cfi_sections	.debug_frame
  18              		.section	.text.isrRF_RX_Start,"ax",%progbits
  19              		.align	2
  20              		.global	isrRF_RX_Start
  21              		.thumb
  22              		.thumb_func
  23              		.type	isrRF_RX_Start, %function
  24              	isrRF_RX_Start:
  25              	.LFB0:
  26              		.file 1 ".\\Generated_Source\\PSoC5\\isrRF_RX.c"
   1:.\Generated_Source\PSoC5/isrRF_RX.c **** /*******************************************************************************
   2:.\Generated_Source\PSoC5/isrRF_RX.c **** * File Name: isrRF_RX.c  
   3:.\Generated_Source\PSoC5/isrRF_RX.c **** * Version 1.70
   4:.\Generated_Source\PSoC5/isrRF_RX.c **** *
   5:.\Generated_Source\PSoC5/isrRF_RX.c **** *  Description:
   6:.\Generated_Source\PSoC5/isrRF_RX.c **** *   API for controlling the state of an interrupt.
   7:.\Generated_Source\PSoC5/isrRF_RX.c **** *
   8:.\Generated_Source\PSoC5/isrRF_RX.c **** *
   9:.\Generated_Source\PSoC5/isrRF_RX.c **** *  Note:
  10:.\Generated_Source\PSoC5/isrRF_RX.c **** *
  11:.\Generated_Source\PSoC5/isrRF_RX.c **** ********************************************************************************
  12:.\Generated_Source\PSoC5/isrRF_RX.c **** * Copyright 2008-2015, Cypress Semiconductor Corporation.  All rights reserved.
  13:.\Generated_Source\PSoC5/isrRF_RX.c **** * You may use this file only in accordance with the license, terms, conditions, 
  14:.\Generated_Source\PSoC5/isrRF_RX.c **** * disclaimers, and limitations in the end user license agreement accompanying 
  15:.\Generated_Source\PSoC5/isrRF_RX.c **** * the software package with which this file was provided.
  16:.\Generated_Source\PSoC5/isrRF_RX.c **** *******************************************************************************/
  17:.\Generated_Source\PSoC5/isrRF_RX.c **** 
  18:.\Generated_Source\PSoC5/isrRF_RX.c **** 
  19:.\Generated_Source\PSoC5/isrRF_RX.c **** #include <cydevice_trm.h>
  20:.\Generated_Source\PSoC5/isrRF_RX.c **** #include <CyLib.h>
  21:.\Generated_Source\PSoC5/isrRF_RX.c **** #include <isrRF_RX.h>
  22:.\Generated_Source\PSoC5/isrRF_RX.c **** 
  23:.\Generated_Source\PSoC5/isrRF_RX.c **** 
  24:.\Generated_Source\PSoC5/isrRF_RX.c **** #if !defined(isrRF_RX__REMOVED) /* Check for removal by optimization */
  25:.\Generated_Source\PSoC5/isrRF_RX.c **** 
  26:.\Generated_Source\PSoC5/isrRF_RX.c **** /*******************************************************************************
  27:.\Generated_Source\PSoC5/isrRF_RX.c **** *  Place your includes, defines and code here 
  28:.\Generated_Source\PSoC5/isrRF_RX.c **** ********************************************************************************/
  29:.\Generated_Source\PSoC5/isrRF_RX.c **** /* `#START isrRF_RX_intc` */
  30:.\Generated_Source\PSoC5/isrRF_RX.c **** extern uint8 flag_rx;
  31:.\Generated_Source\PSoC5/isrRF_RX.c **** /* `#END` */
ARM GAS  C:\Users\rdso323\AppData\Local\Temp\ccghkCE4.s 			page 2


  32:.\Generated_Source\PSoC5/isrRF_RX.c **** 
  33:.\Generated_Source\PSoC5/isrRF_RX.c **** #ifndef CYINT_IRQ_BASE
  34:.\Generated_Source\PSoC5/isrRF_RX.c **** #define CYINT_IRQ_BASE      16
  35:.\Generated_Source\PSoC5/isrRF_RX.c **** #endif /* CYINT_IRQ_BASE */
  36:.\Generated_Source\PSoC5/isrRF_RX.c **** #ifndef CYINT_VECT_TABLE
  37:.\Generated_Source\PSoC5/isrRF_RX.c **** #define CYINT_VECT_TABLE    ((cyisraddress **) CYREG_NVIC_VECT_OFFSET)
  38:.\Generated_Source\PSoC5/isrRF_RX.c **** #endif /* CYINT_VECT_TABLE */
  39:.\Generated_Source\PSoC5/isrRF_RX.c **** 
  40:.\Generated_Source\PSoC5/isrRF_RX.c **** /* Declared in startup, used to set unused interrupts to. */
  41:.\Generated_Source\PSoC5/isrRF_RX.c **** CY_ISR_PROTO(IntDefaultHandler);
  42:.\Generated_Source\PSoC5/isrRF_RX.c **** 
  43:.\Generated_Source\PSoC5/isrRF_RX.c **** 
  44:.\Generated_Source\PSoC5/isrRF_RX.c **** /*******************************************************************************
  45:.\Generated_Source\PSoC5/isrRF_RX.c **** * Function Name: isrRF_RX_Start
  46:.\Generated_Source\PSoC5/isrRF_RX.c **** ********************************************************************************
  47:.\Generated_Source\PSoC5/isrRF_RX.c **** *
  48:.\Generated_Source\PSoC5/isrRF_RX.c **** * Summary:
  49:.\Generated_Source\PSoC5/isrRF_RX.c **** *  Set up the interrupt and enable it. This function disables the interrupt, 
  50:.\Generated_Source\PSoC5/isrRF_RX.c **** *  sets the default interrupt vector, sets the priority from the value in the
  51:.\Generated_Source\PSoC5/isrRF_RX.c **** *  Design Wide Resources Interrupt Editor, then enables the interrupt to the 
  52:.\Generated_Source\PSoC5/isrRF_RX.c **** *  interrupt controller.
  53:.\Generated_Source\PSoC5/isrRF_RX.c **** *
  54:.\Generated_Source\PSoC5/isrRF_RX.c **** * Parameters:  
  55:.\Generated_Source\PSoC5/isrRF_RX.c **** *   None
  56:.\Generated_Source\PSoC5/isrRF_RX.c **** *
  57:.\Generated_Source\PSoC5/isrRF_RX.c **** * Return:
  58:.\Generated_Source\PSoC5/isrRF_RX.c **** *   None
  59:.\Generated_Source\PSoC5/isrRF_RX.c **** *
  60:.\Generated_Source\PSoC5/isrRF_RX.c **** *******************************************************************************/
  61:.\Generated_Source\PSoC5/isrRF_RX.c **** void isrRF_RX_Start(void)
  62:.\Generated_Source\PSoC5/isrRF_RX.c **** {
  27              		.loc 1 62 0
  28              		.cfi_startproc
  29              		@ args = 0, pretend = 0, frame = 0
  30              		@ frame_needed = 1, uses_anonymous_args = 0
  31 0000 80B5     		push	{r7, lr}
  32              		.cfi_def_cfa_offset 8
  33              		.cfi_offset 7, -8
  34              		.cfi_offset 14, -4
  35 0002 00AF     		add	r7, sp, #0
  36              		.cfi_def_cfa_register 7
  63:.\Generated_Source\PSoC5/isrRF_RX.c ****     /* For all we know the interrupt is active. */
  64:.\Generated_Source\PSoC5/isrRF_RX.c ****     isrRF_RX_Disable();
  37              		.loc 1 64 0
  38 0004 FFF7FEFF 		bl	isrRF_RX_Disable
  65:.\Generated_Source\PSoC5/isrRF_RX.c **** 
  66:.\Generated_Source\PSoC5/isrRF_RX.c ****     /* Set the ISR to point to the isrRF_RX Interrupt. */
  67:.\Generated_Source\PSoC5/isrRF_RX.c ****     isrRF_RX_SetVector(&isrRF_RX_Interrupt);
  39              		.loc 1 67 0
  40 0008 0448     		ldr	r0, .L2
  41 000a FFF7FEFF 		bl	isrRF_RX_SetVector
  68:.\Generated_Source\PSoC5/isrRF_RX.c **** 
  69:.\Generated_Source\PSoC5/isrRF_RX.c ****     /* Set the priority. */
  70:.\Generated_Source\PSoC5/isrRF_RX.c ****     isrRF_RX_SetPriority((uint8)isrRF_RX_INTC_PRIOR_NUMBER);
  42              		.loc 1 70 0
  43 000e 0720     		movs	r0, #7
  44 0010 FFF7FEFF 		bl	isrRF_RX_SetPriority
ARM GAS  C:\Users\rdso323\AppData\Local\Temp\ccghkCE4.s 			page 3


  71:.\Generated_Source\PSoC5/isrRF_RX.c **** 
  72:.\Generated_Source\PSoC5/isrRF_RX.c ****     /* Enable it. */
  73:.\Generated_Source\PSoC5/isrRF_RX.c ****     isrRF_RX_Enable();
  45              		.loc 1 73 0
  46 0014 FFF7FEFF 		bl	isrRF_RX_Enable
  74:.\Generated_Source\PSoC5/isrRF_RX.c **** }
  47              		.loc 1 74 0
  48 0018 80BD     		pop	{r7, pc}
  49              	.L3:
  50 001a 00BF     		.align	2
  51              	.L2:
  52 001c 00000000 		.word	isrRF_RX_Interrupt
  53              		.cfi_endproc
  54              	.LFE0:
  55              		.size	isrRF_RX_Start, .-isrRF_RX_Start
  56              		.section	.text.isrRF_RX_StartEx,"ax",%progbits
  57              		.align	2
  58              		.global	isrRF_RX_StartEx
  59              		.thumb
  60              		.thumb_func
  61              		.type	isrRF_RX_StartEx, %function
  62              	isrRF_RX_StartEx:
  63              	.LFB1:
  75:.\Generated_Source\PSoC5/isrRF_RX.c **** 
  76:.\Generated_Source\PSoC5/isrRF_RX.c **** 
  77:.\Generated_Source\PSoC5/isrRF_RX.c **** /*******************************************************************************
  78:.\Generated_Source\PSoC5/isrRF_RX.c **** * Function Name: isrRF_RX_StartEx
  79:.\Generated_Source\PSoC5/isrRF_RX.c **** ********************************************************************************
  80:.\Generated_Source\PSoC5/isrRF_RX.c **** *
  81:.\Generated_Source\PSoC5/isrRF_RX.c **** * Summary:
  82:.\Generated_Source\PSoC5/isrRF_RX.c **** *  Sets up the interrupt and enables it. This function disables the interrupt,
  83:.\Generated_Source\PSoC5/isrRF_RX.c **** *  sets the interrupt vector based on the address passed in, sets the priority 
  84:.\Generated_Source\PSoC5/isrRF_RX.c **** *  from the value in the Design Wide Resources Interrupt Editor, then enables 
  85:.\Generated_Source\PSoC5/isrRF_RX.c **** *  the interrupt to the interrupt controller.
  86:.\Generated_Source\PSoC5/isrRF_RX.c **** *  
  87:.\Generated_Source\PSoC5/isrRF_RX.c **** *  When defining ISR functions, the CY_ISR and CY_ISR_PROTO macros should be 
  88:.\Generated_Source\PSoC5/isrRF_RX.c **** *  used to provide consistent definition across compilers:
  89:.\Generated_Source\PSoC5/isrRF_RX.c **** *  
  90:.\Generated_Source\PSoC5/isrRF_RX.c **** *  Function definition example:
  91:.\Generated_Source\PSoC5/isrRF_RX.c **** *   CY_ISR(MyISR)
  92:.\Generated_Source\PSoC5/isrRF_RX.c **** *   {
  93:.\Generated_Source\PSoC5/isrRF_RX.c **** *   }
  94:.\Generated_Source\PSoC5/isrRF_RX.c **** *   Function prototype example:
  95:.\Generated_Source\PSoC5/isrRF_RX.c **** *   CY_ISR_PROTO(MyISR);
  96:.\Generated_Source\PSoC5/isrRF_RX.c **** *
  97:.\Generated_Source\PSoC5/isrRF_RX.c **** * Parameters:  
  98:.\Generated_Source\PSoC5/isrRF_RX.c **** *   address: Address of the ISR to set in the interrupt vector table.
  99:.\Generated_Source\PSoC5/isrRF_RX.c **** *
 100:.\Generated_Source\PSoC5/isrRF_RX.c **** * Return:
 101:.\Generated_Source\PSoC5/isrRF_RX.c **** *   None
 102:.\Generated_Source\PSoC5/isrRF_RX.c **** *
 103:.\Generated_Source\PSoC5/isrRF_RX.c **** *******************************************************************************/
 104:.\Generated_Source\PSoC5/isrRF_RX.c **** void isrRF_RX_StartEx(cyisraddress address)
 105:.\Generated_Source\PSoC5/isrRF_RX.c **** {
  64              		.loc 1 105 0
  65              		.cfi_startproc
  66              		@ args = 0, pretend = 0, frame = 8
ARM GAS  C:\Users\rdso323\AppData\Local\Temp\ccghkCE4.s 			page 4


  67              		@ frame_needed = 1, uses_anonymous_args = 0
  68 0000 80B5     		push	{r7, lr}
  69              		.cfi_def_cfa_offset 8
  70              		.cfi_offset 7, -8
  71              		.cfi_offset 14, -4
  72 0002 82B0     		sub	sp, sp, #8
  73              		.cfi_def_cfa_offset 16
  74 0004 00AF     		add	r7, sp, #0
  75              		.cfi_def_cfa_register 7
  76 0006 7860     		str	r0, [r7, #4]
 106:.\Generated_Source\PSoC5/isrRF_RX.c ****     /* For all we know the interrupt is active. */
 107:.\Generated_Source\PSoC5/isrRF_RX.c ****     isrRF_RX_Disable();
  77              		.loc 1 107 0
  78 0008 FFF7FEFF 		bl	isrRF_RX_Disable
 108:.\Generated_Source\PSoC5/isrRF_RX.c **** 
 109:.\Generated_Source\PSoC5/isrRF_RX.c ****     /* Set the ISR to point to the isrRF_RX Interrupt. */
 110:.\Generated_Source\PSoC5/isrRF_RX.c ****     isrRF_RX_SetVector(address);
  79              		.loc 1 110 0
  80 000c 7868     		ldr	r0, [r7, #4]
  81 000e FFF7FEFF 		bl	isrRF_RX_SetVector
 111:.\Generated_Source\PSoC5/isrRF_RX.c **** 
 112:.\Generated_Source\PSoC5/isrRF_RX.c ****     /* Set the priority. */
 113:.\Generated_Source\PSoC5/isrRF_RX.c ****     isrRF_RX_SetPriority((uint8)isrRF_RX_INTC_PRIOR_NUMBER);
  82              		.loc 1 113 0
  83 0012 0720     		movs	r0, #7
  84 0014 FFF7FEFF 		bl	isrRF_RX_SetPriority
 114:.\Generated_Source\PSoC5/isrRF_RX.c **** 
 115:.\Generated_Source\PSoC5/isrRF_RX.c ****     /* Enable it. */
 116:.\Generated_Source\PSoC5/isrRF_RX.c ****     isrRF_RX_Enable();
  85              		.loc 1 116 0
  86 0018 FFF7FEFF 		bl	isrRF_RX_Enable
 117:.\Generated_Source\PSoC5/isrRF_RX.c **** }
  87              		.loc 1 117 0
  88 001c 0837     		adds	r7, r7, #8
  89              		.cfi_def_cfa_offset 8
  90 001e BD46     		mov	sp, r7
  91              		.cfi_def_cfa_register 13
  92              		@ sp needed
  93 0020 80BD     		pop	{r7, pc}
  94              		.cfi_endproc
  95              	.LFE1:
  96              		.size	isrRF_RX_StartEx, .-isrRF_RX_StartEx
  97 0022 00BF     		.section	.text.isrRF_RX_Stop,"ax",%progbits
  98              		.align	2
  99              		.global	isrRF_RX_Stop
 100              		.thumb
 101              		.thumb_func
 102              		.type	isrRF_RX_Stop, %function
 103              	isrRF_RX_Stop:
 104              	.LFB2:
 118:.\Generated_Source\PSoC5/isrRF_RX.c **** 
 119:.\Generated_Source\PSoC5/isrRF_RX.c **** 
 120:.\Generated_Source\PSoC5/isrRF_RX.c **** /*******************************************************************************
 121:.\Generated_Source\PSoC5/isrRF_RX.c **** * Function Name: isrRF_RX_Stop
 122:.\Generated_Source\PSoC5/isrRF_RX.c **** ********************************************************************************
 123:.\Generated_Source\PSoC5/isrRF_RX.c **** *
 124:.\Generated_Source\PSoC5/isrRF_RX.c **** * Summary:
ARM GAS  C:\Users\rdso323\AppData\Local\Temp\ccghkCE4.s 			page 5


 125:.\Generated_Source\PSoC5/isrRF_RX.c **** *   Disables and removes the interrupt.
 126:.\Generated_Source\PSoC5/isrRF_RX.c **** *
 127:.\Generated_Source\PSoC5/isrRF_RX.c **** * Parameters:  
 128:.\Generated_Source\PSoC5/isrRF_RX.c **** *   None
 129:.\Generated_Source\PSoC5/isrRF_RX.c **** *
 130:.\Generated_Source\PSoC5/isrRF_RX.c **** * Return:
 131:.\Generated_Source\PSoC5/isrRF_RX.c **** *   None
 132:.\Generated_Source\PSoC5/isrRF_RX.c **** *
 133:.\Generated_Source\PSoC5/isrRF_RX.c **** *******************************************************************************/
 134:.\Generated_Source\PSoC5/isrRF_RX.c **** void isrRF_RX_Stop(void)
 135:.\Generated_Source\PSoC5/isrRF_RX.c **** {
 105              		.loc 1 135 0
 106              		.cfi_startproc
 107              		@ args = 0, pretend = 0, frame = 0
 108              		@ frame_needed = 1, uses_anonymous_args = 0
 109 0000 80B5     		push	{r7, lr}
 110              		.cfi_def_cfa_offset 8
 111              		.cfi_offset 7, -8
 112              		.cfi_offset 14, -4
 113 0002 00AF     		add	r7, sp, #0
 114              		.cfi_def_cfa_register 7
 136:.\Generated_Source\PSoC5/isrRF_RX.c ****     /* Disable this interrupt. */
 137:.\Generated_Source\PSoC5/isrRF_RX.c ****     isrRF_RX_Disable();
 115              		.loc 1 137 0
 116 0004 FFF7FEFF 		bl	isrRF_RX_Disable
 138:.\Generated_Source\PSoC5/isrRF_RX.c **** 
 139:.\Generated_Source\PSoC5/isrRF_RX.c ****     /* Set the ISR to point to the passive one. */
 140:.\Generated_Source\PSoC5/isrRF_RX.c ****     isrRF_RX_SetVector(&IntDefaultHandler);
 117              		.loc 1 140 0
 118 0008 0148     		ldr	r0, .L6
 119 000a FFF7FEFF 		bl	isrRF_RX_SetVector
 141:.\Generated_Source\PSoC5/isrRF_RX.c **** }
 120              		.loc 1 141 0
 121 000e 80BD     		pop	{r7, pc}
 122              	.L7:
 123              		.align	2
 124              	.L6:
 125 0010 00000000 		.word	IntDefaultHandler
 126              		.cfi_endproc
 127              	.LFE2:
 128              		.size	isrRF_RX_Stop, .-isrRF_RX_Stop
 129              		.section	.text.isrRF_RX_Interrupt,"ax",%progbits
 130              		.align	2
 131              		.global	isrRF_RX_Interrupt
 132              		.thumb
 133              		.thumb_func
 134              		.type	isrRF_RX_Interrupt, %function
 135              	isrRF_RX_Interrupt:
 136              	.LFB3:
 142:.\Generated_Source\PSoC5/isrRF_RX.c **** 
 143:.\Generated_Source\PSoC5/isrRF_RX.c **** 
 144:.\Generated_Source\PSoC5/isrRF_RX.c **** /*******************************************************************************
 145:.\Generated_Source\PSoC5/isrRF_RX.c **** * Function Name: isrRF_RX_Interrupt
 146:.\Generated_Source\PSoC5/isrRF_RX.c **** ********************************************************************************
 147:.\Generated_Source\PSoC5/isrRF_RX.c **** *
 148:.\Generated_Source\PSoC5/isrRF_RX.c **** * Summary:
 149:.\Generated_Source\PSoC5/isrRF_RX.c **** *   The default Interrupt Service Routine for isrRF_RX.
ARM GAS  C:\Users\rdso323\AppData\Local\Temp\ccghkCE4.s 			page 6


 150:.\Generated_Source\PSoC5/isrRF_RX.c **** *
 151:.\Generated_Source\PSoC5/isrRF_RX.c **** *   Add custom code between the coments to keep the next version of this file
 152:.\Generated_Source\PSoC5/isrRF_RX.c **** *   from over writting your code.
 153:.\Generated_Source\PSoC5/isrRF_RX.c **** *
 154:.\Generated_Source\PSoC5/isrRF_RX.c **** * Parameters:  
 155:.\Generated_Source\PSoC5/isrRF_RX.c **** *
 156:.\Generated_Source\PSoC5/isrRF_RX.c **** * Return:
 157:.\Generated_Source\PSoC5/isrRF_RX.c **** *   None
 158:.\Generated_Source\PSoC5/isrRF_RX.c **** *
 159:.\Generated_Source\PSoC5/isrRF_RX.c **** *******************************************************************************/
 160:.\Generated_Source\PSoC5/isrRF_RX.c **** CY_ISR(isrRF_RX_Interrupt)
 161:.\Generated_Source\PSoC5/isrRF_RX.c **** {
 137              		.loc 1 161 0
 138              		.cfi_startproc
 139              		@ args = 0, pretend = 0, frame = 0
 140              		@ frame_needed = 1, uses_anonymous_args = 0
 141              		@ link register save eliminated.
 142 0000 80B4     		push	{r7}
 143              		.cfi_def_cfa_offset 4
 144              		.cfi_offset 7, -4
 145 0002 00AF     		add	r7, sp, #0
 146              		.cfi_def_cfa_register 7
 162:.\Generated_Source\PSoC5/isrRF_RX.c ****     #ifdef isrRF_RX_INTERRUPT_INTERRUPT_CALLBACK
 163:.\Generated_Source\PSoC5/isrRF_RX.c ****         isrRF_RX_Interrupt_InterruptCallback();
 164:.\Generated_Source\PSoC5/isrRF_RX.c ****     #endif /* isrRF_RX_INTERRUPT_INTERRUPT_CALLBACK */ 
 165:.\Generated_Source\PSoC5/isrRF_RX.c **** 
 166:.\Generated_Source\PSoC5/isrRF_RX.c ****     /*  Place your Interrupt code here. */
 167:.\Generated_Source\PSoC5/isrRF_RX.c ****     /* `#START isrRF_RX_Interrupt` */
 168:.\Generated_Source\PSoC5/isrRF_RX.c ****     flag_rx = 1;
 147              		.loc 1 168 0
 148 0004 034B     		ldr	r3, .L9
 149 0006 0122     		movs	r2, #1
 150 0008 1A70     		strb	r2, [r3]
 169:.\Generated_Source\PSoC5/isrRF_RX.c ****     /* `#END` */
 170:.\Generated_Source\PSoC5/isrRF_RX.c **** }
 151              		.loc 1 170 0
 152 000a BD46     		mov	sp, r7
 153              		.cfi_def_cfa_register 13
 154              		@ sp needed
 155 000c 5DF8047B 		ldr	r7, [sp], #4
 156              		.cfi_restore 7
 157              		.cfi_def_cfa_offset 0
 158 0010 7047     		bx	lr
 159              	.L10:
 160 0012 00BF     		.align	2
 161              	.L9:
 162 0014 00000000 		.word	flag_rx
 163              		.cfi_endproc
 164              	.LFE3:
 165              		.size	isrRF_RX_Interrupt, .-isrRF_RX_Interrupt
 166              		.section	.text.isrRF_RX_SetVector,"ax",%progbits
 167              		.align	2
 168              		.global	isrRF_RX_SetVector
 169              		.thumb
 170              		.thumb_func
 171              		.type	isrRF_RX_SetVector, %function
 172              	isrRF_RX_SetVector:
ARM GAS  C:\Users\rdso323\AppData\Local\Temp\ccghkCE4.s 			page 7


 173              	.LFB4:
 171:.\Generated_Source\PSoC5/isrRF_RX.c **** 
 172:.\Generated_Source\PSoC5/isrRF_RX.c **** 
 173:.\Generated_Source\PSoC5/isrRF_RX.c **** /*******************************************************************************
 174:.\Generated_Source\PSoC5/isrRF_RX.c **** * Function Name: isrRF_RX_SetVector
 175:.\Generated_Source\PSoC5/isrRF_RX.c **** ********************************************************************************
 176:.\Generated_Source\PSoC5/isrRF_RX.c **** *
 177:.\Generated_Source\PSoC5/isrRF_RX.c **** * Summary:
 178:.\Generated_Source\PSoC5/isrRF_RX.c **** *   Change the ISR vector for the Interrupt. Note calling isrRF_RX_Start
 179:.\Generated_Source\PSoC5/isrRF_RX.c **** *   will override any effect this method would have had. To set the vector 
 180:.\Generated_Source\PSoC5/isrRF_RX.c **** *   before the component has been started use isrRF_RX_StartEx instead.
 181:.\Generated_Source\PSoC5/isrRF_RX.c **** * 
 182:.\Generated_Source\PSoC5/isrRF_RX.c **** *   When defining ISR functions, the CY_ISR and CY_ISR_PROTO macros should be 
 183:.\Generated_Source\PSoC5/isrRF_RX.c **** *   used to provide consistent definition across compilers:
 184:.\Generated_Source\PSoC5/isrRF_RX.c **** *
 185:.\Generated_Source\PSoC5/isrRF_RX.c **** *   Function definition example:
 186:.\Generated_Source\PSoC5/isrRF_RX.c **** *   CY_ISR(MyISR)
 187:.\Generated_Source\PSoC5/isrRF_RX.c **** *   {
 188:.\Generated_Source\PSoC5/isrRF_RX.c **** *   }
 189:.\Generated_Source\PSoC5/isrRF_RX.c **** *
 190:.\Generated_Source\PSoC5/isrRF_RX.c **** *   Function prototype example:
 191:.\Generated_Source\PSoC5/isrRF_RX.c **** *     CY_ISR_PROTO(MyISR);
 192:.\Generated_Source\PSoC5/isrRF_RX.c **** *
 193:.\Generated_Source\PSoC5/isrRF_RX.c **** * Parameters:
 194:.\Generated_Source\PSoC5/isrRF_RX.c **** *   address: Address of the ISR to set in the interrupt vector table.
 195:.\Generated_Source\PSoC5/isrRF_RX.c **** *
 196:.\Generated_Source\PSoC5/isrRF_RX.c **** * Return:
 197:.\Generated_Source\PSoC5/isrRF_RX.c **** *   None
 198:.\Generated_Source\PSoC5/isrRF_RX.c **** *
 199:.\Generated_Source\PSoC5/isrRF_RX.c **** *******************************************************************************/
 200:.\Generated_Source\PSoC5/isrRF_RX.c **** void isrRF_RX_SetVector(cyisraddress address)
 201:.\Generated_Source\PSoC5/isrRF_RX.c **** {
 174              		.loc 1 201 0
 175              		.cfi_startproc
 176              		@ args = 0, pretend = 0, frame = 16
 177              		@ frame_needed = 1, uses_anonymous_args = 0
 178              		@ link register save eliminated.
 179 0000 80B4     		push	{r7}
 180              		.cfi_def_cfa_offset 4
 181              		.cfi_offset 7, -4
 182 0002 85B0     		sub	sp, sp, #20
 183              		.cfi_def_cfa_offset 24
 184 0004 00AF     		add	r7, sp, #0
 185              		.cfi_def_cfa_register 7
 186 0006 7860     		str	r0, [r7, #4]
 202:.\Generated_Source\PSoC5/isrRF_RX.c ****     cyisraddress * ramVectorTable;
 203:.\Generated_Source\PSoC5/isrRF_RX.c **** 
 204:.\Generated_Source\PSoC5/isrRF_RX.c ****     ramVectorTable = (cyisraddress *) *CYINT_VECT_TABLE;
 187              		.loc 1 204 0
 188 0008 054B     		ldr	r3, .L12
 189 000a 1B68     		ldr	r3, [r3]
 190 000c FB60     		str	r3, [r7, #12]
 205:.\Generated_Source\PSoC5/isrRF_RX.c **** 
 206:.\Generated_Source\PSoC5/isrRF_RX.c ****     ramVectorTable[CYINT_IRQ_BASE + (uint32)isrRF_RX__INTC_NUMBER] = address;
 191              		.loc 1 206 0
 192 000e FB68     		ldr	r3, [r7, #12]
 193 0010 5033     		adds	r3, r3, #80
ARM GAS  C:\Users\rdso323\AppData\Local\Temp\ccghkCE4.s 			page 8


 194 0012 7A68     		ldr	r2, [r7, #4]
 195 0014 1A60     		str	r2, [r3]
 207:.\Generated_Source\PSoC5/isrRF_RX.c **** }
 196              		.loc 1 207 0
 197 0016 1437     		adds	r7, r7, #20
 198              		.cfi_def_cfa_offset 4
 199 0018 BD46     		mov	sp, r7
 200              		.cfi_def_cfa_register 13
 201              		@ sp needed
 202 001a 5DF8047B 		ldr	r7, [sp], #4
 203              		.cfi_restore 7
 204              		.cfi_def_cfa_offset 0
 205 001e 7047     		bx	lr
 206              	.L13:
 207              		.align	2
 208              	.L12:
 209 0020 08ED00E0 		.word	-536810232
 210              		.cfi_endproc
 211              	.LFE4:
 212              		.size	isrRF_RX_SetVector, .-isrRF_RX_SetVector
 213              		.section	.text.isrRF_RX_GetVector,"ax",%progbits
 214              		.align	2
 215              		.global	isrRF_RX_GetVector
 216              		.thumb
 217              		.thumb_func
 218              		.type	isrRF_RX_GetVector, %function
 219              	isrRF_RX_GetVector:
 220              	.LFB5:
 208:.\Generated_Source\PSoC5/isrRF_RX.c **** 
 209:.\Generated_Source\PSoC5/isrRF_RX.c **** 
 210:.\Generated_Source\PSoC5/isrRF_RX.c **** /*******************************************************************************
 211:.\Generated_Source\PSoC5/isrRF_RX.c **** * Function Name: isrRF_RX_GetVector
 212:.\Generated_Source\PSoC5/isrRF_RX.c **** ********************************************************************************
 213:.\Generated_Source\PSoC5/isrRF_RX.c **** *
 214:.\Generated_Source\PSoC5/isrRF_RX.c **** * Summary:
 215:.\Generated_Source\PSoC5/isrRF_RX.c **** *   Gets the "address" of the current ISR vector for the Interrupt.
 216:.\Generated_Source\PSoC5/isrRF_RX.c **** *
 217:.\Generated_Source\PSoC5/isrRF_RX.c **** * Parameters:
 218:.\Generated_Source\PSoC5/isrRF_RX.c **** *   None
 219:.\Generated_Source\PSoC5/isrRF_RX.c **** *
 220:.\Generated_Source\PSoC5/isrRF_RX.c **** * Return:
 221:.\Generated_Source\PSoC5/isrRF_RX.c **** *   Address of the ISR in the interrupt vector table.
 222:.\Generated_Source\PSoC5/isrRF_RX.c **** *
 223:.\Generated_Source\PSoC5/isrRF_RX.c **** *******************************************************************************/
 224:.\Generated_Source\PSoC5/isrRF_RX.c **** cyisraddress isrRF_RX_GetVector(void)
 225:.\Generated_Source\PSoC5/isrRF_RX.c **** {
 221              		.loc 1 225 0
 222              		.cfi_startproc
 223              		@ args = 0, pretend = 0, frame = 8
 224              		@ frame_needed = 1, uses_anonymous_args = 0
 225              		@ link register save eliminated.
 226 0000 80B4     		push	{r7}
 227              		.cfi_def_cfa_offset 4
 228              		.cfi_offset 7, -4
 229 0002 83B0     		sub	sp, sp, #12
 230              		.cfi_def_cfa_offset 16
 231 0004 00AF     		add	r7, sp, #0
ARM GAS  C:\Users\rdso323\AppData\Local\Temp\ccghkCE4.s 			page 9


 232              		.cfi_def_cfa_register 7
 226:.\Generated_Source\PSoC5/isrRF_RX.c ****     cyisraddress * ramVectorTable;
 227:.\Generated_Source\PSoC5/isrRF_RX.c **** 
 228:.\Generated_Source\PSoC5/isrRF_RX.c ****     ramVectorTable = (cyisraddress *) *CYINT_VECT_TABLE;
 233              		.loc 1 228 0
 234 0006 054B     		ldr	r3, .L16
 235 0008 1B68     		ldr	r3, [r3]
 236 000a 7B60     		str	r3, [r7, #4]
 229:.\Generated_Source\PSoC5/isrRF_RX.c **** 
 230:.\Generated_Source\PSoC5/isrRF_RX.c ****     return ramVectorTable[CYINT_IRQ_BASE + (uint32)isrRF_RX__INTC_NUMBER];
 237              		.loc 1 230 0
 238 000c 7B68     		ldr	r3, [r7, #4]
 239 000e 1B6D     		ldr	r3, [r3, #80]
 231:.\Generated_Source\PSoC5/isrRF_RX.c **** }
 240              		.loc 1 231 0
 241 0010 1846     		mov	r0, r3
 242 0012 0C37     		adds	r7, r7, #12
 243              		.cfi_def_cfa_offset 4
 244 0014 BD46     		mov	sp, r7
 245              		.cfi_def_cfa_register 13
 246              		@ sp needed
 247 0016 5DF8047B 		ldr	r7, [sp], #4
 248              		.cfi_restore 7
 249              		.cfi_def_cfa_offset 0
 250 001a 7047     		bx	lr
 251              	.L17:
 252              		.align	2
 253              	.L16:
 254 001c 08ED00E0 		.word	-536810232
 255              		.cfi_endproc
 256              	.LFE5:
 257              		.size	isrRF_RX_GetVector, .-isrRF_RX_GetVector
 258              		.section	.text.isrRF_RX_SetPriority,"ax",%progbits
 259              		.align	2
 260              		.global	isrRF_RX_SetPriority
 261              		.thumb
 262              		.thumb_func
 263              		.type	isrRF_RX_SetPriority, %function
 264              	isrRF_RX_SetPriority:
 265              	.LFB6:
 232:.\Generated_Source\PSoC5/isrRF_RX.c **** 
 233:.\Generated_Source\PSoC5/isrRF_RX.c **** 
 234:.\Generated_Source\PSoC5/isrRF_RX.c **** /*******************************************************************************
 235:.\Generated_Source\PSoC5/isrRF_RX.c **** * Function Name: isrRF_RX_SetPriority
 236:.\Generated_Source\PSoC5/isrRF_RX.c **** ********************************************************************************
 237:.\Generated_Source\PSoC5/isrRF_RX.c **** *
 238:.\Generated_Source\PSoC5/isrRF_RX.c **** * Summary:
 239:.\Generated_Source\PSoC5/isrRF_RX.c **** *   Sets the Priority of the Interrupt. 
 240:.\Generated_Source\PSoC5/isrRF_RX.c **** *
 241:.\Generated_Source\PSoC5/isrRF_RX.c **** *   Note calling isrRF_RX_Start or isrRF_RX_StartEx will 
 242:.\Generated_Source\PSoC5/isrRF_RX.c **** *   override any effect this API would have had. This API should only be called
 243:.\Generated_Source\PSoC5/isrRF_RX.c **** *   after isrRF_RX_Start or isrRF_RX_StartEx has been called. 
 244:.\Generated_Source\PSoC5/isrRF_RX.c **** *   To set the initial priority for the component, use the Design-Wide Resources
 245:.\Generated_Source\PSoC5/isrRF_RX.c **** *   Interrupt Editor.
 246:.\Generated_Source\PSoC5/isrRF_RX.c **** *
 247:.\Generated_Source\PSoC5/isrRF_RX.c **** *   Note This API has no effect on Non-maskable interrupt NMI).
 248:.\Generated_Source\PSoC5/isrRF_RX.c **** *
ARM GAS  C:\Users\rdso323\AppData\Local\Temp\ccghkCE4.s 			page 10


 249:.\Generated_Source\PSoC5/isrRF_RX.c **** * Parameters:
 250:.\Generated_Source\PSoC5/isrRF_RX.c **** *   priority: Priority of the interrupt, 0 being the highest priority
 251:.\Generated_Source\PSoC5/isrRF_RX.c **** *             PSoC 3 and PSoC 5LP: Priority is from 0 to 7.
 252:.\Generated_Source\PSoC5/isrRF_RX.c **** *             PSoC 4: Priority is from 0 to 3.
 253:.\Generated_Source\PSoC5/isrRF_RX.c **** *
 254:.\Generated_Source\PSoC5/isrRF_RX.c **** * Return:
 255:.\Generated_Source\PSoC5/isrRF_RX.c **** *   None
 256:.\Generated_Source\PSoC5/isrRF_RX.c **** *
 257:.\Generated_Source\PSoC5/isrRF_RX.c **** *******************************************************************************/
 258:.\Generated_Source\PSoC5/isrRF_RX.c **** void isrRF_RX_SetPriority(uint8 priority)
 259:.\Generated_Source\PSoC5/isrRF_RX.c **** {
 266              		.loc 1 259 0
 267              		.cfi_startproc
 268              		@ args = 0, pretend = 0, frame = 8
 269              		@ frame_needed = 1, uses_anonymous_args = 0
 270              		@ link register save eliminated.
 271 0000 80B4     		push	{r7}
 272              		.cfi_def_cfa_offset 4
 273              		.cfi_offset 7, -4
 274 0002 83B0     		sub	sp, sp, #12
 275              		.cfi_def_cfa_offset 16
 276 0004 00AF     		add	r7, sp, #0
 277              		.cfi_def_cfa_register 7
 278 0006 0346     		mov	r3, r0
 279 0008 FB71     		strb	r3, [r7, #7]
 260:.\Generated_Source\PSoC5/isrRF_RX.c ****     *isrRF_RX_INTC_PRIOR = priority << 5;
 280              		.loc 1 260 0
 281 000a 054A     		ldr	r2, .L19
 282 000c FB79     		ldrb	r3, [r7, #7]
 283 000e 5B01     		lsls	r3, r3, #5
 284 0010 DBB2     		uxtb	r3, r3
 285 0012 1370     		strb	r3, [r2]
 261:.\Generated_Source\PSoC5/isrRF_RX.c **** }
 286              		.loc 1 261 0
 287 0014 0C37     		adds	r7, r7, #12
 288              		.cfi_def_cfa_offset 4
 289 0016 BD46     		mov	sp, r7
 290              		.cfi_def_cfa_register 13
 291              		@ sp needed
 292 0018 5DF8047B 		ldr	r7, [sp], #4
 293              		.cfi_restore 7
 294              		.cfi_def_cfa_offset 0
 295 001c 7047     		bx	lr
 296              	.L20:
 297 001e 00BF     		.align	2
 298              	.L19:
 299 0020 04E400E0 		.word	-536812540
 300              		.cfi_endproc
 301              	.LFE6:
 302              		.size	isrRF_RX_SetPriority, .-isrRF_RX_SetPriority
 303              		.section	.text.isrRF_RX_GetPriority,"ax",%progbits
 304              		.align	2
 305              		.global	isrRF_RX_GetPriority
 306              		.thumb
 307              		.thumb_func
 308              		.type	isrRF_RX_GetPriority, %function
 309              	isrRF_RX_GetPriority:
ARM GAS  C:\Users\rdso323\AppData\Local\Temp\ccghkCE4.s 			page 11


 310              	.LFB7:
 262:.\Generated_Source\PSoC5/isrRF_RX.c **** 
 263:.\Generated_Source\PSoC5/isrRF_RX.c **** 
 264:.\Generated_Source\PSoC5/isrRF_RX.c **** /*******************************************************************************
 265:.\Generated_Source\PSoC5/isrRF_RX.c **** * Function Name: isrRF_RX_GetPriority
 266:.\Generated_Source\PSoC5/isrRF_RX.c **** ********************************************************************************
 267:.\Generated_Source\PSoC5/isrRF_RX.c **** *
 268:.\Generated_Source\PSoC5/isrRF_RX.c **** * Summary:
 269:.\Generated_Source\PSoC5/isrRF_RX.c **** *   Gets the Priority of the Interrupt.
 270:.\Generated_Source\PSoC5/isrRF_RX.c **** *
 271:.\Generated_Source\PSoC5/isrRF_RX.c **** * Parameters:
 272:.\Generated_Source\PSoC5/isrRF_RX.c **** *   None
 273:.\Generated_Source\PSoC5/isrRF_RX.c **** *
 274:.\Generated_Source\PSoC5/isrRF_RX.c **** * Return:
 275:.\Generated_Source\PSoC5/isrRF_RX.c **** *   Priority of the interrupt, 0 being the highest priority
 276:.\Generated_Source\PSoC5/isrRF_RX.c **** *    PSoC 3 and PSoC 5LP: Priority is from 0 to 7.
 277:.\Generated_Source\PSoC5/isrRF_RX.c **** *    PSoC 4: Priority is from 0 to 3.
 278:.\Generated_Source\PSoC5/isrRF_RX.c **** *
 279:.\Generated_Source\PSoC5/isrRF_RX.c **** *******************************************************************************/
 280:.\Generated_Source\PSoC5/isrRF_RX.c **** uint8 isrRF_RX_GetPriority(void)
 281:.\Generated_Source\PSoC5/isrRF_RX.c **** {
 311              		.loc 1 281 0
 312              		.cfi_startproc
 313              		@ args = 0, pretend = 0, frame = 8
 314              		@ frame_needed = 1, uses_anonymous_args = 0
 315              		@ link register save eliminated.
 316 0000 80B4     		push	{r7}
 317              		.cfi_def_cfa_offset 4
 318              		.cfi_offset 7, -4
 319 0002 83B0     		sub	sp, sp, #12
 320              		.cfi_def_cfa_offset 16
 321 0004 00AF     		add	r7, sp, #0
 322              		.cfi_def_cfa_register 7
 282:.\Generated_Source\PSoC5/isrRF_RX.c ****     uint8 priority;
 283:.\Generated_Source\PSoC5/isrRF_RX.c **** 
 284:.\Generated_Source\PSoC5/isrRF_RX.c **** 
 285:.\Generated_Source\PSoC5/isrRF_RX.c ****     priority = *isrRF_RX_INTC_PRIOR >> 5;
 323              		.loc 1 285 0
 324 0006 064B     		ldr	r3, .L23
 325 0008 1B78     		ldrb	r3, [r3]
 326 000a DBB2     		uxtb	r3, r3
 327 000c 5B09     		lsrs	r3, r3, #5
 328 000e FB71     		strb	r3, [r7, #7]
 286:.\Generated_Source\PSoC5/isrRF_RX.c **** 
 287:.\Generated_Source\PSoC5/isrRF_RX.c ****     return priority;
 329              		.loc 1 287 0
 330 0010 FB79     		ldrb	r3, [r7, #7]	@ zero_extendqisi2
 288:.\Generated_Source\PSoC5/isrRF_RX.c **** }
 331              		.loc 1 288 0
 332 0012 1846     		mov	r0, r3
 333 0014 0C37     		adds	r7, r7, #12
 334              		.cfi_def_cfa_offset 4
 335 0016 BD46     		mov	sp, r7
 336              		.cfi_def_cfa_register 13
 337              		@ sp needed
 338 0018 5DF8047B 		ldr	r7, [sp], #4
 339              		.cfi_restore 7
ARM GAS  C:\Users\rdso323\AppData\Local\Temp\ccghkCE4.s 			page 12


 340              		.cfi_def_cfa_offset 0
 341 001c 7047     		bx	lr
 342              	.L24:
 343 001e 00BF     		.align	2
 344              	.L23:
 345 0020 04E400E0 		.word	-536812540
 346              		.cfi_endproc
 347              	.LFE7:
 348              		.size	isrRF_RX_GetPriority, .-isrRF_RX_GetPriority
 349              		.section	.text.isrRF_RX_Enable,"ax",%progbits
 350              		.align	2
 351              		.global	isrRF_RX_Enable
 352              		.thumb
 353              		.thumb_func
 354              		.type	isrRF_RX_Enable, %function
 355              	isrRF_RX_Enable:
 356              	.LFB8:
 289:.\Generated_Source\PSoC5/isrRF_RX.c **** 
 290:.\Generated_Source\PSoC5/isrRF_RX.c **** 
 291:.\Generated_Source\PSoC5/isrRF_RX.c **** /*******************************************************************************
 292:.\Generated_Source\PSoC5/isrRF_RX.c **** * Function Name: isrRF_RX_Enable
 293:.\Generated_Source\PSoC5/isrRF_RX.c **** ********************************************************************************
 294:.\Generated_Source\PSoC5/isrRF_RX.c **** *
 295:.\Generated_Source\PSoC5/isrRF_RX.c **** * Summary:
 296:.\Generated_Source\PSoC5/isrRF_RX.c **** *   Enables the interrupt to the interrupt controller. Do not call this function
 297:.\Generated_Source\PSoC5/isrRF_RX.c **** *   unless ISR_Start() has been called or the functionality of the ISR_Start() 
 298:.\Generated_Source\PSoC5/isrRF_RX.c **** *   function, which sets the vector and the priority, has been called.
 299:.\Generated_Source\PSoC5/isrRF_RX.c **** *
 300:.\Generated_Source\PSoC5/isrRF_RX.c **** * Parameters:
 301:.\Generated_Source\PSoC5/isrRF_RX.c **** *   None
 302:.\Generated_Source\PSoC5/isrRF_RX.c **** *
 303:.\Generated_Source\PSoC5/isrRF_RX.c **** * Return:
 304:.\Generated_Source\PSoC5/isrRF_RX.c **** *   None
 305:.\Generated_Source\PSoC5/isrRF_RX.c **** *
 306:.\Generated_Source\PSoC5/isrRF_RX.c **** *******************************************************************************/
 307:.\Generated_Source\PSoC5/isrRF_RX.c **** void isrRF_RX_Enable(void)
 308:.\Generated_Source\PSoC5/isrRF_RX.c **** {
 357              		.loc 1 308 0
 358              		.cfi_startproc
 359              		@ args = 0, pretend = 0, frame = 0
 360              		@ frame_needed = 1, uses_anonymous_args = 0
 361              		@ link register save eliminated.
 362 0000 80B4     		push	{r7}
 363              		.cfi_def_cfa_offset 4
 364              		.cfi_offset 7, -4
 365 0002 00AF     		add	r7, sp, #0
 366              		.cfi_def_cfa_register 7
 309:.\Generated_Source\PSoC5/isrRF_RX.c ****     /* Enable the general interrupt. */
 310:.\Generated_Source\PSoC5/isrRF_RX.c ****     *isrRF_RX_INTC_SET_EN = isrRF_RX__INTC_MASK;
 367              		.loc 1 310 0
 368 0004 034B     		ldr	r3, .L26
 369 0006 1022     		movs	r2, #16
 370 0008 1A60     		str	r2, [r3]
 311:.\Generated_Source\PSoC5/isrRF_RX.c **** }
 371              		.loc 1 311 0
 372 000a BD46     		mov	sp, r7
 373              		.cfi_def_cfa_register 13
ARM GAS  C:\Users\rdso323\AppData\Local\Temp\ccghkCE4.s 			page 13


 374              		@ sp needed
 375 000c 5DF8047B 		ldr	r7, [sp], #4
 376              		.cfi_restore 7
 377              		.cfi_def_cfa_offset 0
 378 0010 7047     		bx	lr
 379              	.L27:
 380 0012 00BF     		.align	2
 381              	.L26:
 382 0014 00E100E0 		.word	-536813312
 383              		.cfi_endproc
 384              	.LFE8:
 385              		.size	isrRF_RX_Enable, .-isrRF_RX_Enable
 386              		.section	.text.isrRF_RX_GetState,"ax",%progbits
 387              		.align	2
 388              		.global	isrRF_RX_GetState
 389              		.thumb
 390              		.thumb_func
 391              		.type	isrRF_RX_GetState, %function
 392              	isrRF_RX_GetState:
 393              	.LFB9:
 312:.\Generated_Source\PSoC5/isrRF_RX.c **** 
 313:.\Generated_Source\PSoC5/isrRF_RX.c **** 
 314:.\Generated_Source\PSoC5/isrRF_RX.c **** /*******************************************************************************
 315:.\Generated_Source\PSoC5/isrRF_RX.c **** * Function Name: isrRF_RX_GetState
 316:.\Generated_Source\PSoC5/isrRF_RX.c **** ********************************************************************************
 317:.\Generated_Source\PSoC5/isrRF_RX.c **** *
 318:.\Generated_Source\PSoC5/isrRF_RX.c **** * Summary:
 319:.\Generated_Source\PSoC5/isrRF_RX.c **** *   Gets the state (enabled, disabled) of the Interrupt.
 320:.\Generated_Source\PSoC5/isrRF_RX.c **** *
 321:.\Generated_Source\PSoC5/isrRF_RX.c **** * Parameters:
 322:.\Generated_Source\PSoC5/isrRF_RX.c **** *   None
 323:.\Generated_Source\PSoC5/isrRF_RX.c **** *
 324:.\Generated_Source\PSoC5/isrRF_RX.c **** * Return:
 325:.\Generated_Source\PSoC5/isrRF_RX.c **** *   1 if enabled, 0 if disabled.
 326:.\Generated_Source\PSoC5/isrRF_RX.c **** *
 327:.\Generated_Source\PSoC5/isrRF_RX.c **** *******************************************************************************/
 328:.\Generated_Source\PSoC5/isrRF_RX.c **** uint8 isrRF_RX_GetState(void)
 329:.\Generated_Source\PSoC5/isrRF_RX.c **** {
 394              		.loc 1 329 0
 395              		.cfi_startproc
 396              		@ args = 0, pretend = 0, frame = 0
 397              		@ frame_needed = 1, uses_anonymous_args = 0
 398              		@ link register save eliminated.
 399 0000 80B4     		push	{r7}
 400              		.cfi_def_cfa_offset 4
 401              		.cfi_offset 7, -4
 402 0002 00AF     		add	r7, sp, #0
 403              		.cfi_def_cfa_register 7
 330:.\Generated_Source\PSoC5/isrRF_RX.c ****     /* Get the state of the general interrupt. */
 331:.\Generated_Source\PSoC5/isrRF_RX.c ****     return ((*isrRF_RX_INTC_SET_EN & (uint32)isrRF_RX__INTC_MASK) != 0u) ? 1u:0u;
 404              		.loc 1 331 0
 405 0004 064B     		ldr	r3, .L32
 406 0006 1B68     		ldr	r3, [r3]
 407 0008 03F01003 		and	r3, r3, #16
 408 000c 002B     		cmp	r3, #0
 409 000e 01D0     		beq	.L29
 410              		.loc 1 331 0 is_stmt 0 discriminator 1
ARM GAS  C:\Users\rdso323\AppData\Local\Temp\ccghkCE4.s 			page 14


 411 0010 0123     		movs	r3, #1
 412 0012 00E0     		b	.L30
 413              	.L29:
 414              		.loc 1 331 0 discriminator 2
 415 0014 0023     		movs	r3, #0
 416              	.L30:
 332:.\Generated_Source\PSoC5/isrRF_RX.c **** }
 417              		.loc 1 332 0 is_stmt 1 discriminator 4
 418 0016 1846     		mov	r0, r3
 419 0018 BD46     		mov	sp, r7
 420              		.cfi_def_cfa_register 13
 421              		@ sp needed
 422 001a 5DF8047B 		ldr	r7, [sp], #4
 423              		.cfi_restore 7
 424              		.cfi_def_cfa_offset 0
 425 001e 7047     		bx	lr
 426              	.L33:
 427              		.align	2
 428              	.L32:
 429 0020 00E100E0 		.word	-536813312
 430              		.cfi_endproc
 431              	.LFE9:
 432              		.size	isrRF_RX_GetState, .-isrRF_RX_GetState
 433              		.section	.text.isrRF_RX_Disable,"ax",%progbits
 434              		.align	2
 435              		.global	isrRF_RX_Disable
 436              		.thumb
 437              		.thumb_func
 438              		.type	isrRF_RX_Disable, %function
 439              	isrRF_RX_Disable:
 440              	.LFB10:
 333:.\Generated_Source\PSoC5/isrRF_RX.c **** 
 334:.\Generated_Source\PSoC5/isrRF_RX.c **** 
 335:.\Generated_Source\PSoC5/isrRF_RX.c **** /*******************************************************************************
 336:.\Generated_Source\PSoC5/isrRF_RX.c **** * Function Name: isrRF_RX_Disable
 337:.\Generated_Source\PSoC5/isrRF_RX.c **** ********************************************************************************
 338:.\Generated_Source\PSoC5/isrRF_RX.c **** *
 339:.\Generated_Source\PSoC5/isrRF_RX.c **** * Summary:
 340:.\Generated_Source\PSoC5/isrRF_RX.c **** *   Disables the Interrupt in the interrupt controller.
 341:.\Generated_Source\PSoC5/isrRF_RX.c **** *
 342:.\Generated_Source\PSoC5/isrRF_RX.c **** * Parameters:
 343:.\Generated_Source\PSoC5/isrRF_RX.c **** *   None
 344:.\Generated_Source\PSoC5/isrRF_RX.c **** *
 345:.\Generated_Source\PSoC5/isrRF_RX.c **** * Return:
 346:.\Generated_Source\PSoC5/isrRF_RX.c **** *   None
 347:.\Generated_Source\PSoC5/isrRF_RX.c **** *
 348:.\Generated_Source\PSoC5/isrRF_RX.c **** *******************************************************************************/
 349:.\Generated_Source\PSoC5/isrRF_RX.c **** void isrRF_RX_Disable(void)
 350:.\Generated_Source\PSoC5/isrRF_RX.c **** {
 441              		.loc 1 350 0
 442              		.cfi_startproc
 443              		@ args = 0, pretend = 0, frame = 0
 444              		@ frame_needed = 1, uses_anonymous_args = 0
 445              		@ link register save eliminated.
 446 0000 80B4     		push	{r7}
 447              		.cfi_def_cfa_offset 4
 448              		.cfi_offset 7, -4
ARM GAS  C:\Users\rdso323\AppData\Local\Temp\ccghkCE4.s 			page 15


 449 0002 00AF     		add	r7, sp, #0
 450              		.cfi_def_cfa_register 7
 351:.\Generated_Source\PSoC5/isrRF_RX.c ****     /* Disable the general interrupt. */
 352:.\Generated_Source\PSoC5/isrRF_RX.c ****     *isrRF_RX_INTC_CLR_EN = isrRF_RX__INTC_MASK;
 451              		.loc 1 352 0
 452 0004 034B     		ldr	r3, .L35
 453 0006 1022     		movs	r2, #16
 454 0008 1A60     		str	r2, [r3]
 353:.\Generated_Source\PSoC5/isrRF_RX.c **** }
 455              		.loc 1 353 0
 456 000a BD46     		mov	sp, r7
 457              		.cfi_def_cfa_register 13
 458              		@ sp needed
 459 000c 5DF8047B 		ldr	r7, [sp], #4
 460              		.cfi_restore 7
 461              		.cfi_def_cfa_offset 0
 462 0010 7047     		bx	lr
 463              	.L36:
 464 0012 00BF     		.align	2
 465              	.L35:
 466 0014 80E100E0 		.word	-536813184
 467              		.cfi_endproc
 468              	.LFE10:
 469              		.size	isrRF_RX_Disable, .-isrRF_RX_Disable
 470              		.section	.text.isrRF_RX_SetPending,"ax",%progbits
 471              		.align	2
 472              		.global	isrRF_RX_SetPending
 473              		.thumb
 474              		.thumb_func
 475              		.type	isrRF_RX_SetPending, %function
 476              	isrRF_RX_SetPending:
 477              	.LFB11:
 354:.\Generated_Source\PSoC5/isrRF_RX.c **** 
 355:.\Generated_Source\PSoC5/isrRF_RX.c **** 
 356:.\Generated_Source\PSoC5/isrRF_RX.c **** /*******************************************************************************
 357:.\Generated_Source\PSoC5/isrRF_RX.c **** * Function Name: isrRF_RX_SetPending
 358:.\Generated_Source\PSoC5/isrRF_RX.c **** ********************************************************************************
 359:.\Generated_Source\PSoC5/isrRF_RX.c **** *
 360:.\Generated_Source\PSoC5/isrRF_RX.c **** * Summary:
 361:.\Generated_Source\PSoC5/isrRF_RX.c **** *   Causes the Interrupt to enter the pending state, a software method of
 362:.\Generated_Source\PSoC5/isrRF_RX.c **** *   generating the interrupt.
 363:.\Generated_Source\PSoC5/isrRF_RX.c **** *
 364:.\Generated_Source\PSoC5/isrRF_RX.c **** * Parameters:
 365:.\Generated_Source\PSoC5/isrRF_RX.c **** *   None
 366:.\Generated_Source\PSoC5/isrRF_RX.c **** *
 367:.\Generated_Source\PSoC5/isrRF_RX.c **** * Return:
 368:.\Generated_Source\PSoC5/isrRF_RX.c **** *   None
 369:.\Generated_Source\PSoC5/isrRF_RX.c **** *
 370:.\Generated_Source\PSoC5/isrRF_RX.c **** * Side Effects:
 371:.\Generated_Source\PSoC5/isrRF_RX.c **** *   If interrupts are enabled and the interrupt is set up properly, the ISR is
 372:.\Generated_Source\PSoC5/isrRF_RX.c **** *   entered (depending on the priority of this interrupt and other pending 
 373:.\Generated_Source\PSoC5/isrRF_RX.c **** *   interrupts).
 374:.\Generated_Source\PSoC5/isrRF_RX.c **** *
 375:.\Generated_Source\PSoC5/isrRF_RX.c **** *******************************************************************************/
 376:.\Generated_Source\PSoC5/isrRF_RX.c **** void isrRF_RX_SetPending(void)
 377:.\Generated_Source\PSoC5/isrRF_RX.c **** {
 478              		.loc 1 377 0
ARM GAS  C:\Users\rdso323\AppData\Local\Temp\ccghkCE4.s 			page 16


 479              		.cfi_startproc
 480              		@ args = 0, pretend = 0, frame = 0
 481              		@ frame_needed = 1, uses_anonymous_args = 0
 482              		@ link register save eliminated.
 483 0000 80B4     		push	{r7}
 484              		.cfi_def_cfa_offset 4
 485              		.cfi_offset 7, -4
 486 0002 00AF     		add	r7, sp, #0
 487              		.cfi_def_cfa_register 7
 378:.\Generated_Source\PSoC5/isrRF_RX.c ****     *isrRF_RX_INTC_SET_PD = isrRF_RX__INTC_MASK;
 488              		.loc 1 378 0
 489 0004 034B     		ldr	r3, .L38
 490 0006 1022     		movs	r2, #16
 491 0008 1A60     		str	r2, [r3]
 379:.\Generated_Source\PSoC5/isrRF_RX.c **** }
 492              		.loc 1 379 0
 493 000a BD46     		mov	sp, r7
 494              		.cfi_def_cfa_register 13
 495              		@ sp needed
 496 000c 5DF8047B 		ldr	r7, [sp], #4
 497              		.cfi_restore 7
 498              		.cfi_def_cfa_offset 0
 499 0010 7047     		bx	lr
 500              	.L39:
 501 0012 00BF     		.align	2
 502              	.L38:
 503 0014 00E200E0 		.word	-536813056
 504              		.cfi_endproc
 505              	.LFE11:
 506              		.size	isrRF_RX_SetPending, .-isrRF_RX_SetPending
 507              		.section	.text.isrRF_RX_ClearPending,"ax",%progbits
 508              		.align	2
 509              		.global	isrRF_RX_ClearPending
 510              		.thumb
 511              		.thumb_func
 512              		.type	isrRF_RX_ClearPending, %function
 513              	isrRF_RX_ClearPending:
 514              	.LFB12:
 380:.\Generated_Source\PSoC5/isrRF_RX.c **** 
 381:.\Generated_Source\PSoC5/isrRF_RX.c **** 
 382:.\Generated_Source\PSoC5/isrRF_RX.c **** /*******************************************************************************
 383:.\Generated_Source\PSoC5/isrRF_RX.c **** * Function Name: isrRF_RX_ClearPending
 384:.\Generated_Source\PSoC5/isrRF_RX.c **** ********************************************************************************
 385:.\Generated_Source\PSoC5/isrRF_RX.c **** *
 386:.\Generated_Source\PSoC5/isrRF_RX.c **** * Summary:
 387:.\Generated_Source\PSoC5/isrRF_RX.c **** *   Clears a pending interrupt in the interrupt controller.
 388:.\Generated_Source\PSoC5/isrRF_RX.c **** *
 389:.\Generated_Source\PSoC5/isrRF_RX.c **** *   Note Some interrupt sources are clear-on-read and require the block 
 390:.\Generated_Source\PSoC5/isrRF_RX.c **** *   interrupt/status register to be read/cleared with the appropriate block API 
 391:.\Generated_Source\PSoC5/isrRF_RX.c **** *   (GPIO, UART, and so on). Otherwise the ISR will continue to remain in 
 392:.\Generated_Source\PSoC5/isrRF_RX.c **** *   pending state even though the interrupt itself is cleared using this API.
 393:.\Generated_Source\PSoC5/isrRF_RX.c **** *
 394:.\Generated_Source\PSoC5/isrRF_RX.c **** * Parameters:
 395:.\Generated_Source\PSoC5/isrRF_RX.c **** *   None
 396:.\Generated_Source\PSoC5/isrRF_RX.c **** *
 397:.\Generated_Source\PSoC5/isrRF_RX.c **** * Return:
 398:.\Generated_Source\PSoC5/isrRF_RX.c **** *   None
ARM GAS  C:\Users\rdso323\AppData\Local\Temp\ccghkCE4.s 			page 17


 399:.\Generated_Source\PSoC5/isrRF_RX.c **** *
 400:.\Generated_Source\PSoC5/isrRF_RX.c **** *******************************************************************************/
 401:.\Generated_Source\PSoC5/isrRF_RX.c **** void isrRF_RX_ClearPending(void)
 402:.\Generated_Source\PSoC5/isrRF_RX.c **** {
 515              		.loc 1 402 0
 516              		.cfi_startproc
 517              		@ args = 0, pretend = 0, frame = 0
 518              		@ frame_needed = 1, uses_anonymous_args = 0
 519              		@ link register save eliminated.
 520 0000 80B4     		push	{r7}
 521              		.cfi_def_cfa_offset 4
 522              		.cfi_offset 7, -4
 523 0002 00AF     		add	r7, sp, #0
 524              		.cfi_def_cfa_register 7
 403:.\Generated_Source\PSoC5/isrRF_RX.c ****     *isrRF_RX_INTC_CLR_PD = isrRF_RX__INTC_MASK;
 525              		.loc 1 403 0
 526 0004 034B     		ldr	r3, .L41
 527 0006 1022     		movs	r2, #16
 528 0008 1A60     		str	r2, [r3]
 404:.\Generated_Source\PSoC5/isrRF_RX.c **** }
 529              		.loc 1 404 0
 530 000a BD46     		mov	sp, r7
 531              		.cfi_def_cfa_register 13
 532              		@ sp needed
 533 000c 5DF8047B 		ldr	r7, [sp], #4
 534              		.cfi_restore 7
 535              		.cfi_def_cfa_offset 0
 536 0010 7047     		bx	lr
 537              	.L42:
 538 0012 00BF     		.align	2
 539              	.L41:
 540 0014 80E200E0 		.word	-536812928
 541              		.cfi_endproc
 542              	.LFE12:
 543              		.size	isrRF_RX_ClearPending, .-isrRF_RX_ClearPending
 544              		.text
 545              	.Letext0:
 546              		.file 2 "Generated_Source\\PSoC5/cytypes.h"
 547              		.section	.debug_info,"",%progbits
 548              	.Ldebug_info0:
 549 0000 41020000 		.4byte	0x241
 550 0004 0400     		.2byte	0x4
 551 0006 00000000 		.4byte	.Ldebug_abbrev0
 552 000a 04       		.byte	0x4
 553 000b 01       		.uleb128 0x1
 554 000c 1F010000 		.4byte	.LASF33
 555 0010 01       		.byte	0x1
 556 0011 CA000000 		.4byte	.LASF34
 557 0015 40000000 		.4byte	.LASF35
 558 0019 00000000 		.4byte	.Ldebug_ranges0+0
 559 001d 00000000 		.4byte	0
 560 0021 00000000 		.4byte	.Ldebug_line0
 561 0025 02       		.uleb128 0x2
 562 0026 04       		.byte	0x4
 563 0027 05       		.byte	0x5
 564 0028 696E7400 		.ascii	"int\000"
 565 002c 03       		.uleb128 0x3
ARM GAS  C:\Users\rdso323\AppData\Local\Temp\ccghkCE4.s 			page 18


 566 002d 04       		.byte	0x4
 567 002e 07       		.byte	0x7
 568 002f 00020000 		.4byte	.LASF0
 569 0033 03       		.uleb128 0x3
 570 0034 01       		.byte	0x1
 571 0035 06       		.byte	0x6
 572 0036 D6020000 		.4byte	.LASF1
 573 003a 03       		.uleb128 0x3
 574 003b 01       		.byte	0x1
 575 003c 08       		.byte	0x8
 576 003d B7000000 		.4byte	.LASF2
 577 0041 03       		.uleb128 0x3
 578 0042 02       		.byte	0x2
 579 0043 05       		.byte	0x5
 580 0044 9B020000 		.4byte	.LASF3
 581 0048 03       		.uleb128 0x3
 582 0049 02       		.byte	0x2
 583 004a 07       		.byte	0x7
 584 004b 0C000000 		.4byte	.LASF4
 585 004f 03       		.uleb128 0x3
 586 0050 04       		.byte	0x4
 587 0051 05       		.byte	0x5
 588 0052 B4020000 		.4byte	.LASF5
 589 0056 03       		.uleb128 0x3
 590 0057 04       		.byte	0x4
 591 0058 07       		.byte	0x7
 592 0059 EE000000 		.4byte	.LASF6
 593 005d 03       		.uleb128 0x3
 594 005e 08       		.byte	0x8
 595 005f 05       		.byte	0x5
 596 0060 68020000 		.4byte	.LASF7
 597 0064 03       		.uleb128 0x3
 598 0065 08       		.byte	0x8
 599 0066 07       		.byte	0x7
 600 0067 15020000 		.4byte	.LASF8
 601 006b 03       		.uleb128 0x3
 602 006c 04       		.byte	0x4
 603 006d 07       		.byte	0x7
 604 006e 5F020000 		.4byte	.LASF9
 605 0072 04       		.uleb128 0x4
 606 0073 04       		.byte	0x4
 607 0074 78000000 		.4byte	0x78
 608 0078 05       		.uleb128 0x5
 609 0079 03       		.uleb128 0x3
 610 007a 01       		.byte	0x1
 611 007b 08       		.byte	0x8
 612 007c 1F000000 		.4byte	.LASF10
 613 0080 06       		.uleb128 0x6
 614 0081 00010000 		.4byte	.LASF11
 615 0085 02       		.byte	0x2
 616 0086 9201     		.2byte	0x192
 617 0088 3A000000 		.4byte	0x3a
 618 008c 06       		.uleb128 0x6
 619 008d F9010000 		.4byte	.LASF12
 620 0091 02       		.byte	0x2
 621 0092 9401     		.2byte	0x194
 622 0094 56000000 		.4byte	0x56
ARM GAS  C:\Users\rdso323\AppData\Local\Temp\ccghkCE4.s 			page 19


 623 0098 03       		.uleb128 0x3
 624 0099 04       		.byte	0x4
 625 009a 04       		.byte	0x4
 626 009b 06000000 		.4byte	.LASF13
 627 009f 03       		.uleb128 0x3
 628 00a0 08       		.byte	0x8
 629 00a1 04       		.byte	0x4
 630 00a2 24000000 		.4byte	.LASF14
 631 00a6 06       		.uleb128 0x6
 632 00a7 C5000000 		.4byte	.LASF15
 633 00ab 02       		.byte	0x2
 634 00ac 3C02     		.2byte	0x23c
 635 00ae B2000000 		.4byte	0xb2
 636 00b2 07       		.uleb128 0x7
 637 00b3 80000000 		.4byte	0x80
 638 00b7 06       		.uleb128 0x6
 639 00b8 00000000 		.4byte	.LASF16
 640 00bc 02       		.byte	0x2
 641 00bd 3E02     		.2byte	0x23e
 642 00bf C3000000 		.4byte	0xc3
 643 00c3 07       		.uleb128 0x7
 644 00c4 8C000000 		.4byte	0x8c
 645 00c8 06       		.uleb128 0x6
 646 00c9 3F020000 		.4byte	.LASF17
 647 00cd 02       		.byte	0x2
 648 00ce 4E02     		.2byte	0x24e
 649 00d0 72000000 		.4byte	0x72
 650 00d4 08       		.uleb128 0x8
 651 00d5 A5020000 		.4byte	.LASF18
 652 00d9 01       		.byte	0x1
 653 00da 3D       		.byte	0x3d
 654 00db 00000000 		.4byte	.LFB0
 655 00df 20000000 		.4byte	.LFE0-.LFB0
 656 00e3 01       		.uleb128 0x1
 657 00e4 9C       		.byte	0x9c
 658 00e5 09       		.uleb128 0x9
 659 00e6 AD010000 		.4byte	.LASF21
 660 00ea 01       		.byte	0x1
 661 00eb 68       		.byte	0x68
 662 00ec 00000000 		.4byte	.LFB1
 663 00f0 22000000 		.4byte	.LFE1-.LFB1
 664 00f4 01       		.uleb128 0x1
 665 00f5 9C       		.byte	0x9c
 666 00f6 09010000 		.4byte	0x109
 667 00fa 0A       		.uleb128 0xa
 668 00fb 0D020000 		.4byte	.LASF23
 669 00ff 01       		.byte	0x1
 670 0100 68       		.byte	0x68
 671 0101 C8000000 		.4byte	0xc8
 672 0105 02       		.uleb128 0x2
 673 0106 91       		.byte	0x91
 674 0107 74       		.sleb128 -12
 675 0108 00       		.byte	0
 676 0109 08       		.uleb128 0x8
 677 010a E2020000 		.4byte	.LASF19
 678 010e 01       		.byte	0x1
 679 010f 86       		.byte	0x86
ARM GAS  C:\Users\rdso323\AppData\Local\Temp\ccghkCE4.s 			page 20


 680 0110 00000000 		.4byte	.LFB2
 681 0114 14000000 		.4byte	.LFE2-.LFB2
 682 0118 01       		.uleb128 0x1
 683 0119 9C       		.byte	0x9c
 684 011a 0B       		.uleb128 0xb
 685 011b 4C020000 		.4byte	.LASF20
 686 011f 01       		.byte	0x1
 687 0120 A0       		.byte	0xa0
 688 0121 00000000 		.4byte	.LFB3
 689 0125 18000000 		.4byte	.LFE3-.LFB3
 690 0129 01       		.uleb128 0x1
 691 012a 9C       		.byte	0x9c
 692 012b 0C       		.uleb128 0xc
 693 012c A4000000 		.4byte	.LASF22
 694 0130 01       		.byte	0x1
 695 0131 C8       		.byte	0xc8
 696 0132 00000000 		.4byte	.LFB4
 697 0136 24000000 		.4byte	.LFE4-.LFB4
 698 013a 01       		.uleb128 0x1
 699 013b 9C       		.byte	0x9c
 700 013c 5D010000 		.4byte	0x15d
 701 0140 0A       		.uleb128 0xa
 702 0141 0D020000 		.4byte	.LASF23
 703 0145 01       		.byte	0x1
 704 0146 C8       		.byte	0xc8
 705 0147 C8000000 		.4byte	0xc8
 706 014b 02       		.uleb128 0x2
 707 014c 91       		.byte	0x91
 708 014d 6C       		.sleb128 -20
 709 014e 0D       		.uleb128 0xd
 710 014f 8C020000 		.4byte	.LASF24
 711 0153 01       		.byte	0x1
 712 0154 CA       		.byte	0xca
 713 0155 5D010000 		.4byte	0x15d
 714 0159 02       		.uleb128 0x2
 715 015a 91       		.byte	0x91
 716 015b 74       		.sleb128 -12
 717 015c 00       		.byte	0
 718 015d 04       		.uleb128 0x4
 719 015e 04       		.byte	0x4
 720 015f C8000000 		.4byte	0xc8
 721 0163 0E       		.uleb128 0xe
 722 0164 2C020000 		.4byte	.LASF27
 723 0168 01       		.byte	0x1
 724 0169 E0       		.byte	0xe0
 725 016a C8000000 		.4byte	0xc8
 726 016e 00000000 		.4byte	.LFB5
 727 0172 20000000 		.4byte	.LFE5-.LFB5
 728 0176 01       		.uleb128 0x1
 729 0177 9C       		.byte	0x9c
 730 0178 8B010000 		.4byte	0x18b
 731 017c 0D       		.uleb128 0xd
 732 017d 8C020000 		.4byte	.LASF24
 733 0181 01       		.byte	0x1
 734 0182 E2       		.byte	0xe2
 735 0183 5D010000 		.4byte	0x15d
 736 0187 02       		.uleb128 0x2
ARM GAS  C:\Users\rdso323\AppData\Local\Temp\ccghkCE4.s 			page 21


 737 0188 91       		.byte	0x91
 738 0189 74       		.sleb128 -12
 739 018a 00       		.byte	0
 740 018b 0F       		.uleb128 0xf
 741 018c D2010000 		.4byte	.LASF25
 742 0190 01       		.byte	0x1
 743 0191 0201     		.2byte	0x102
 744 0193 00000000 		.4byte	.LFB6
 745 0197 24000000 		.4byte	.LFE6-.LFB6
 746 019b 01       		.uleb128 0x1
 747 019c 9C       		.byte	0x9c
 748 019d B1010000 		.4byte	0x1b1
 749 01a1 10       		.uleb128 0x10
 750 01a2 16010000 		.4byte	.LASF26
 751 01a6 01       		.byte	0x1
 752 01a7 0201     		.2byte	0x102
 753 01a9 80000000 		.4byte	0x80
 754 01ad 02       		.uleb128 0x2
 755 01ae 91       		.byte	0x91
 756 01af 77       		.sleb128 -9
 757 01b0 00       		.byte	0
 758 01b1 11       		.uleb128 0x11
 759 01b2 2B000000 		.4byte	.LASF28
 760 01b6 01       		.byte	0x1
 761 01b7 1801     		.2byte	0x118
 762 01b9 80000000 		.4byte	0x80
 763 01bd 00000000 		.4byte	.LFB7
 764 01c1 24000000 		.4byte	.LFE7-.LFB7
 765 01c5 01       		.uleb128 0x1
 766 01c6 9C       		.byte	0x9c
 767 01c7 DB010000 		.4byte	0x1db
 768 01cb 12       		.uleb128 0x12
 769 01cc 16010000 		.4byte	.LASF26
 770 01d0 01       		.byte	0x1
 771 01d1 1A01     		.2byte	0x11a
 772 01d3 80000000 		.4byte	0x80
 773 01d7 02       		.uleb128 0x2
 774 01d8 91       		.byte	0x91
 775 01d9 77       		.sleb128 -9
 776 01da 00       		.byte	0
 777 01db 13       		.uleb128 0x13
 778 01dc 06010000 		.4byte	.LASF29
 779 01e0 01       		.byte	0x1
 780 01e1 3301     		.2byte	0x133
 781 01e3 00000000 		.4byte	.LFB8
 782 01e7 18000000 		.4byte	.LFE8-.LFB8
 783 01eb 01       		.uleb128 0x1
 784 01ec 9C       		.byte	0x9c
 785 01ed 14       		.uleb128 0x14
 786 01ee E7010000 		.4byte	.LASF36
 787 01f2 01       		.byte	0x1
 788 01f3 4801     		.2byte	0x148
 789 01f5 80000000 		.4byte	0x80
 790 01f9 00000000 		.4byte	.LFB9
 791 01fd 24000000 		.4byte	.LFE9-.LFB9
 792 0201 01       		.uleb128 0x1
 793 0202 9C       		.byte	0x9c
ARM GAS  C:\Users\rdso323\AppData\Local\Temp\ccghkCE4.s 			page 22


 794 0203 13       		.uleb128 0x13
 795 0204 C5020000 		.4byte	.LASF30
 796 0208 01       		.byte	0x1
 797 0209 5D01     		.2byte	0x15d
 798 020b 00000000 		.4byte	.LFB10
 799 020f 18000000 		.4byte	.LFE10-.LFB10
 800 0213 01       		.uleb128 0x1
 801 0214 9C       		.byte	0x9c
 802 0215 13       		.uleb128 0x13
 803 0216 BE010000 		.4byte	.LASF31
 804 021a 01       		.byte	0x1
 805 021b 7801     		.2byte	0x178
 806 021d 00000000 		.4byte	.LFB11
 807 0221 18000000 		.4byte	.LFE11-.LFB11
 808 0225 01       		.uleb128 0x1
 809 0226 9C       		.byte	0x9c
 810 0227 13       		.uleb128 0x13
 811 0228 76020000 		.4byte	.LASF32
 812 022c 01       		.byte	0x1
 813 022d 9101     		.2byte	0x191
 814 022f 00000000 		.4byte	.LFB12
 815 0233 18000000 		.4byte	.LFE12-.LFB12
 816 0237 01       		.uleb128 0x1
 817 0238 9C       		.byte	0x9c
 818 0239 15       		.uleb128 0x15
 819 023a BD020000 		.4byte	.LASF37
 820 023e 01       		.byte	0x1
 821 023f 1E       		.byte	0x1e
 822 0240 80000000 		.4byte	0x80
 823 0244 00       		.byte	0
 824              		.section	.debug_abbrev,"",%progbits
 825              	.Ldebug_abbrev0:
 826 0000 01       		.uleb128 0x1
 827 0001 11       		.uleb128 0x11
 828 0002 01       		.byte	0x1
 829 0003 25       		.uleb128 0x25
 830 0004 0E       		.uleb128 0xe
 831 0005 13       		.uleb128 0x13
 832 0006 0B       		.uleb128 0xb
 833 0007 03       		.uleb128 0x3
 834 0008 0E       		.uleb128 0xe
 835 0009 1B       		.uleb128 0x1b
 836 000a 0E       		.uleb128 0xe
 837 000b 55       		.uleb128 0x55
 838 000c 17       		.uleb128 0x17
 839 000d 11       		.uleb128 0x11
 840 000e 01       		.uleb128 0x1
 841 000f 10       		.uleb128 0x10
 842 0010 17       		.uleb128 0x17
 843 0011 00       		.byte	0
 844 0012 00       		.byte	0
 845 0013 02       		.uleb128 0x2
 846 0014 24       		.uleb128 0x24
 847 0015 00       		.byte	0
 848 0016 0B       		.uleb128 0xb
 849 0017 0B       		.uleb128 0xb
 850 0018 3E       		.uleb128 0x3e
ARM GAS  C:\Users\rdso323\AppData\Local\Temp\ccghkCE4.s 			page 23


 851 0019 0B       		.uleb128 0xb
 852 001a 03       		.uleb128 0x3
 853 001b 08       		.uleb128 0x8
 854 001c 00       		.byte	0
 855 001d 00       		.byte	0
 856 001e 03       		.uleb128 0x3
 857 001f 24       		.uleb128 0x24
 858 0020 00       		.byte	0
 859 0021 0B       		.uleb128 0xb
 860 0022 0B       		.uleb128 0xb
 861 0023 3E       		.uleb128 0x3e
 862 0024 0B       		.uleb128 0xb
 863 0025 03       		.uleb128 0x3
 864 0026 0E       		.uleb128 0xe
 865 0027 00       		.byte	0
 866 0028 00       		.byte	0
 867 0029 04       		.uleb128 0x4
 868 002a 0F       		.uleb128 0xf
 869 002b 00       		.byte	0
 870 002c 0B       		.uleb128 0xb
 871 002d 0B       		.uleb128 0xb
 872 002e 49       		.uleb128 0x49
 873 002f 13       		.uleb128 0x13
 874 0030 00       		.byte	0
 875 0031 00       		.byte	0
 876 0032 05       		.uleb128 0x5
 877 0033 15       		.uleb128 0x15
 878 0034 00       		.byte	0
 879 0035 27       		.uleb128 0x27
 880 0036 19       		.uleb128 0x19
 881 0037 00       		.byte	0
 882 0038 00       		.byte	0
 883 0039 06       		.uleb128 0x6
 884 003a 16       		.uleb128 0x16
 885 003b 00       		.byte	0
 886 003c 03       		.uleb128 0x3
 887 003d 0E       		.uleb128 0xe
 888 003e 3A       		.uleb128 0x3a
 889 003f 0B       		.uleb128 0xb
 890 0040 3B       		.uleb128 0x3b
 891 0041 05       		.uleb128 0x5
 892 0042 49       		.uleb128 0x49
 893 0043 13       		.uleb128 0x13
 894 0044 00       		.byte	0
 895 0045 00       		.byte	0
 896 0046 07       		.uleb128 0x7
 897 0047 35       		.uleb128 0x35
 898 0048 00       		.byte	0
 899 0049 49       		.uleb128 0x49
 900 004a 13       		.uleb128 0x13
 901 004b 00       		.byte	0
 902 004c 00       		.byte	0
 903 004d 08       		.uleb128 0x8
 904 004e 2E       		.uleb128 0x2e
 905 004f 00       		.byte	0
 906 0050 3F       		.uleb128 0x3f
 907 0051 19       		.uleb128 0x19
ARM GAS  C:\Users\rdso323\AppData\Local\Temp\ccghkCE4.s 			page 24


 908 0052 03       		.uleb128 0x3
 909 0053 0E       		.uleb128 0xe
 910 0054 3A       		.uleb128 0x3a
 911 0055 0B       		.uleb128 0xb
 912 0056 3B       		.uleb128 0x3b
 913 0057 0B       		.uleb128 0xb
 914 0058 27       		.uleb128 0x27
 915 0059 19       		.uleb128 0x19
 916 005a 11       		.uleb128 0x11
 917 005b 01       		.uleb128 0x1
 918 005c 12       		.uleb128 0x12
 919 005d 06       		.uleb128 0x6
 920 005e 40       		.uleb128 0x40
 921 005f 18       		.uleb128 0x18
 922 0060 9642     		.uleb128 0x2116
 923 0062 19       		.uleb128 0x19
 924 0063 00       		.byte	0
 925 0064 00       		.byte	0
 926 0065 09       		.uleb128 0x9
 927 0066 2E       		.uleb128 0x2e
 928 0067 01       		.byte	0x1
 929 0068 3F       		.uleb128 0x3f
 930 0069 19       		.uleb128 0x19
 931 006a 03       		.uleb128 0x3
 932 006b 0E       		.uleb128 0xe
 933 006c 3A       		.uleb128 0x3a
 934 006d 0B       		.uleb128 0xb
 935 006e 3B       		.uleb128 0x3b
 936 006f 0B       		.uleb128 0xb
 937 0070 27       		.uleb128 0x27
 938 0071 19       		.uleb128 0x19
 939 0072 11       		.uleb128 0x11
 940 0073 01       		.uleb128 0x1
 941 0074 12       		.uleb128 0x12
 942 0075 06       		.uleb128 0x6
 943 0076 40       		.uleb128 0x40
 944 0077 18       		.uleb128 0x18
 945 0078 9642     		.uleb128 0x2116
 946 007a 19       		.uleb128 0x19
 947 007b 01       		.uleb128 0x1
 948 007c 13       		.uleb128 0x13
 949 007d 00       		.byte	0
 950 007e 00       		.byte	0
 951 007f 0A       		.uleb128 0xa
 952 0080 05       		.uleb128 0x5
 953 0081 00       		.byte	0
 954 0082 03       		.uleb128 0x3
 955 0083 0E       		.uleb128 0xe
 956 0084 3A       		.uleb128 0x3a
 957 0085 0B       		.uleb128 0xb
 958 0086 3B       		.uleb128 0x3b
 959 0087 0B       		.uleb128 0xb
 960 0088 49       		.uleb128 0x49
 961 0089 13       		.uleb128 0x13
 962 008a 02       		.uleb128 0x2
 963 008b 18       		.uleb128 0x18
 964 008c 00       		.byte	0
ARM GAS  C:\Users\rdso323\AppData\Local\Temp\ccghkCE4.s 			page 25


 965 008d 00       		.byte	0
 966 008e 0B       		.uleb128 0xb
 967 008f 2E       		.uleb128 0x2e
 968 0090 00       		.byte	0
 969 0091 3F       		.uleb128 0x3f
 970 0092 19       		.uleb128 0x19
 971 0093 03       		.uleb128 0x3
 972 0094 0E       		.uleb128 0xe
 973 0095 3A       		.uleb128 0x3a
 974 0096 0B       		.uleb128 0xb
 975 0097 3B       		.uleb128 0x3b
 976 0098 0B       		.uleb128 0xb
 977 0099 27       		.uleb128 0x27
 978 009a 19       		.uleb128 0x19
 979 009b 11       		.uleb128 0x11
 980 009c 01       		.uleb128 0x1
 981 009d 12       		.uleb128 0x12
 982 009e 06       		.uleb128 0x6
 983 009f 40       		.uleb128 0x40
 984 00a0 18       		.uleb128 0x18
 985 00a1 9742     		.uleb128 0x2117
 986 00a3 19       		.uleb128 0x19
 987 00a4 00       		.byte	0
 988 00a5 00       		.byte	0
 989 00a6 0C       		.uleb128 0xc
 990 00a7 2E       		.uleb128 0x2e
 991 00a8 01       		.byte	0x1
 992 00a9 3F       		.uleb128 0x3f
 993 00aa 19       		.uleb128 0x19
 994 00ab 03       		.uleb128 0x3
 995 00ac 0E       		.uleb128 0xe
 996 00ad 3A       		.uleb128 0x3a
 997 00ae 0B       		.uleb128 0xb
 998 00af 3B       		.uleb128 0x3b
 999 00b0 0B       		.uleb128 0xb
 1000 00b1 27       		.uleb128 0x27
 1001 00b2 19       		.uleb128 0x19
 1002 00b3 11       		.uleb128 0x11
 1003 00b4 01       		.uleb128 0x1
 1004 00b5 12       		.uleb128 0x12
 1005 00b6 06       		.uleb128 0x6
 1006 00b7 40       		.uleb128 0x40
 1007 00b8 18       		.uleb128 0x18
 1008 00b9 9742     		.uleb128 0x2117
 1009 00bb 19       		.uleb128 0x19
 1010 00bc 01       		.uleb128 0x1
 1011 00bd 13       		.uleb128 0x13
 1012 00be 00       		.byte	0
 1013 00bf 00       		.byte	0
 1014 00c0 0D       		.uleb128 0xd
 1015 00c1 34       		.uleb128 0x34
 1016 00c2 00       		.byte	0
 1017 00c3 03       		.uleb128 0x3
 1018 00c4 0E       		.uleb128 0xe
 1019 00c5 3A       		.uleb128 0x3a
 1020 00c6 0B       		.uleb128 0xb
 1021 00c7 3B       		.uleb128 0x3b
ARM GAS  C:\Users\rdso323\AppData\Local\Temp\ccghkCE4.s 			page 26


 1022 00c8 0B       		.uleb128 0xb
 1023 00c9 49       		.uleb128 0x49
 1024 00ca 13       		.uleb128 0x13
 1025 00cb 02       		.uleb128 0x2
 1026 00cc 18       		.uleb128 0x18
 1027 00cd 00       		.byte	0
 1028 00ce 00       		.byte	0
 1029 00cf 0E       		.uleb128 0xe
 1030 00d0 2E       		.uleb128 0x2e
 1031 00d1 01       		.byte	0x1
 1032 00d2 3F       		.uleb128 0x3f
 1033 00d3 19       		.uleb128 0x19
 1034 00d4 03       		.uleb128 0x3
 1035 00d5 0E       		.uleb128 0xe
 1036 00d6 3A       		.uleb128 0x3a
 1037 00d7 0B       		.uleb128 0xb
 1038 00d8 3B       		.uleb128 0x3b
 1039 00d9 0B       		.uleb128 0xb
 1040 00da 27       		.uleb128 0x27
 1041 00db 19       		.uleb128 0x19
 1042 00dc 49       		.uleb128 0x49
 1043 00dd 13       		.uleb128 0x13
 1044 00de 11       		.uleb128 0x11
 1045 00df 01       		.uleb128 0x1
 1046 00e0 12       		.uleb128 0x12
 1047 00e1 06       		.uleb128 0x6
 1048 00e2 40       		.uleb128 0x40
 1049 00e3 18       		.uleb128 0x18
 1050 00e4 9742     		.uleb128 0x2117
 1051 00e6 19       		.uleb128 0x19
 1052 00e7 01       		.uleb128 0x1
 1053 00e8 13       		.uleb128 0x13
 1054 00e9 00       		.byte	0
 1055 00ea 00       		.byte	0
 1056 00eb 0F       		.uleb128 0xf
 1057 00ec 2E       		.uleb128 0x2e
 1058 00ed 01       		.byte	0x1
 1059 00ee 3F       		.uleb128 0x3f
 1060 00ef 19       		.uleb128 0x19
 1061 00f0 03       		.uleb128 0x3
 1062 00f1 0E       		.uleb128 0xe
 1063 00f2 3A       		.uleb128 0x3a
 1064 00f3 0B       		.uleb128 0xb
 1065 00f4 3B       		.uleb128 0x3b
 1066 00f5 05       		.uleb128 0x5
 1067 00f6 27       		.uleb128 0x27
 1068 00f7 19       		.uleb128 0x19
 1069 00f8 11       		.uleb128 0x11
 1070 00f9 01       		.uleb128 0x1
 1071 00fa 12       		.uleb128 0x12
 1072 00fb 06       		.uleb128 0x6
 1073 00fc 40       		.uleb128 0x40
 1074 00fd 18       		.uleb128 0x18
 1075 00fe 9742     		.uleb128 0x2117
 1076 0100 19       		.uleb128 0x19
 1077 0101 01       		.uleb128 0x1
 1078 0102 13       		.uleb128 0x13
ARM GAS  C:\Users\rdso323\AppData\Local\Temp\ccghkCE4.s 			page 27


 1079 0103 00       		.byte	0
 1080 0104 00       		.byte	0
 1081 0105 10       		.uleb128 0x10
 1082 0106 05       		.uleb128 0x5
 1083 0107 00       		.byte	0
 1084 0108 03       		.uleb128 0x3
 1085 0109 0E       		.uleb128 0xe
 1086 010a 3A       		.uleb128 0x3a
 1087 010b 0B       		.uleb128 0xb
 1088 010c 3B       		.uleb128 0x3b
 1089 010d 05       		.uleb128 0x5
 1090 010e 49       		.uleb128 0x49
 1091 010f 13       		.uleb128 0x13
 1092 0110 02       		.uleb128 0x2
 1093 0111 18       		.uleb128 0x18
 1094 0112 00       		.byte	0
 1095 0113 00       		.byte	0
 1096 0114 11       		.uleb128 0x11
 1097 0115 2E       		.uleb128 0x2e
 1098 0116 01       		.byte	0x1
 1099 0117 3F       		.uleb128 0x3f
 1100 0118 19       		.uleb128 0x19
 1101 0119 03       		.uleb128 0x3
 1102 011a 0E       		.uleb128 0xe
 1103 011b 3A       		.uleb128 0x3a
 1104 011c 0B       		.uleb128 0xb
 1105 011d 3B       		.uleb128 0x3b
 1106 011e 05       		.uleb128 0x5
 1107 011f 27       		.uleb128 0x27
 1108 0120 19       		.uleb128 0x19
 1109 0121 49       		.uleb128 0x49
 1110 0122 13       		.uleb128 0x13
 1111 0123 11       		.uleb128 0x11
 1112 0124 01       		.uleb128 0x1
 1113 0125 12       		.uleb128 0x12
 1114 0126 06       		.uleb128 0x6
 1115 0127 40       		.uleb128 0x40
 1116 0128 18       		.uleb128 0x18
 1117 0129 9742     		.uleb128 0x2117
 1118 012b 19       		.uleb128 0x19
 1119 012c 01       		.uleb128 0x1
 1120 012d 13       		.uleb128 0x13
 1121 012e 00       		.byte	0
 1122 012f 00       		.byte	0
 1123 0130 12       		.uleb128 0x12
 1124 0131 34       		.uleb128 0x34
 1125 0132 00       		.byte	0
 1126 0133 03       		.uleb128 0x3
 1127 0134 0E       		.uleb128 0xe
 1128 0135 3A       		.uleb128 0x3a
 1129 0136 0B       		.uleb128 0xb
 1130 0137 3B       		.uleb128 0x3b
 1131 0138 05       		.uleb128 0x5
 1132 0139 49       		.uleb128 0x49
 1133 013a 13       		.uleb128 0x13
 1134 013b 02       		.uleb128 0x2
 1135 013c 18       		.uleb128 0x18
ARM GAS  C:\Users\rdso323\AppData\Local\Temp\ccghkCE4.s 			page 28


 1136 013d 00       		.byte	0
 1137 013e 00       		.byte	0
 1138 013f 13       		.uleb128 0x13
 1139 0140 2E       		.uleb128 0x2e
 1140 0141 00       		.byte	0
 1141 0142 3F       		.uleb128 0x3f
 1142 0143 19       		.uleb128 0x19
 1143 0144 03       		.uleb128 0x3
 1144 0145 0E       		.uleb128 0xe
 1145 0146 3A       		.uleb128 0x3a
 1146 0147 0B       		.uleb128 0xb
 1147 0148 3B       		.uleb128 0x3b
 1148 0149 05       		.uleb128 0x5
 1149 014a 27       		.uleb128 0x27
 1150 014b 19       		.uleb128 0x19
 1151 014c 11       		.uleb128 0x11
 1152 014d 01       		.uleb128 0x1
 1153 014e 12       		.uleb128 0x12
 1154 014f 06       		.uleb128 0x6
 1155 0150 40       		.uleb128 0x40
 1156 0151 18       		.uleb128 0x18
 1157 0152 9742     		.uleb128 0x2117
 1158 0154 19       		.uleb128 0x19
 1159 0155 00       		.byte	0
 1160 0156 00       		.byte	0
 1161 0157 14       		.uleb128 0x14
 1162 0158 2E       		.uleb128 0x2e
 1163 0159 00       		.byte	0
 1164 015a 3F       		.uleb128 0x3f
 1165 015b 19       		.uleb128 0x19
 1166 015c 03       		.uleb128 0x3
 1167 015d 0E       		.uleb128 0xe
 1168 015e 3A       		.uleb128 0x3a
 1169 015f 0B       		.uleb128 0xb
 1170 0160 3B       		.uleb128 0x3b
 1171 0161 05       		.uleb128 0x5
 1172 0162 27       		.uleb128 0x27
 1173 0163 19       		.uleb128 0x19
 1174 0164 49       		.uleb128 0x49
 1175 0165 13       		.uleb128 0x13
 1176 0166 11       		.uleb128 0x11
 1177 0167 01       		.uleb128 0x1
 1178 0168 12       		.uleb128 0x12
 1179 0169 06       		.uleb128 0x6
 1180 016a 40       		.uleb128 0x40
 1181 016b 18       		.uleb128 0x18
 1182 016c 9742     		.uleb128 0x2117
 1183 016e 19       		.uleb128 0x19
 1184 016f 00       		.byte	0
 1185 0170 00       		.byte	0
 1186 0171 15       		.uleb128 0x15
 1187 0172 34       		.uleb128 0x34
 1188 0173 00       		.byte	0
 1189 0174 03       		.uleb128 0x3
 1190 0175 0E       		.uleb128 0xe
 1191 0176 3A       		.uleb128 0x3a
 1192 0177 0B       		.uleb128 0xb
ARM GAS  C:\Users\rdso323\AppData\Local\Temp\ccghkCE4.s 			page 29


 1193 0178 3B       		.uleb128 0x3b
 1194 0179 0B       		.uleb128 0xb
 1195 017a 49       		.uleb128 0x49
 1196 017b 13       		.uleb128 0x13
 1197 017c 3F       		.uleb128 0x3f
 1198 017d 19       		.uleb128 0x19
 1199 017e 3C       		.uleb128 0x3c
 1200 017f 19       		.uleb128 0x19
 1201 0180 00       		.byte	0
 1202 0181 00       		.byte	0
 1203 0182 00       		.byte	0
 1204              		.section	.debug_aranges,"",%progbits
 1205 0000 7C000000 		.4byte	0x7c
 1206 0004 0200     		.2byte	0x2
 1207 0006 00000000 		.4byte	.Ldebug_info0
 1208 000a 04       		.byte	0x4
 1209 000b 00       		.byte	0
 1210 000c 0000     		.2byte	0
 1211 000e 0000     		.2byte	0
 1212 0010 00000000 		.4byte	.LFB0
 1213 0014 20000000 		.4byte	.LFE0-.LFB0
 1214 0018 00000000 		.4byte	.LFB1
 1215 001c 22000000 		.4byte	.LFE1-.LFB1
 1216 0020 00000000 		.4byte	.LFB2
 1217 0024 14000000 		.4byte	.LFE2-.LFB2
 1218 0028 00000000 		.4byte	.LFB3
 1219 002c 18000000 		.4byte	.LFE3-.LFB3
 1220 0030 00000000 		.4byte	.LFB4
 1221 0034 24000000 		.4byte	.LFE4-.LFB4
 1222 0038 00000000 		.4byte	.LFB5
 1223 003c 20000000 		.4byte	.LFE5-.LFB5
 1224 0040 00000000 		.4byte	.LFB6
 1225 0044 24000000 		.4byte	.LFE6-.LFB6
 1226 0048 00000000 		.4byte	.LFB7
 1227 004c 24000000 		.4byte	.LFE7-.LFB7
 1228 0050 00000000 		.4byte	.LFB8
 1229 0054 18000000 		.4byte	.LFE8-.LFB8
 1230 0058 00000000 		.4byte	.LFB9
 1231 005c 24000000 		.4byte	.LFE9-.LFB9
 1232 0060 00000000 		.4byte	.LFB10
 1233 0064 18000000 		.4byte	.LFE10-.LFB10
 1234 0068 00000000 		.4byte	.LFB11
 1235 006c 18000000 		.4byte	.LFE11-.LFB11
 1236 0070 00000000 		.4byte	.LFB12
 1237 0074 18000000 		.4byte	.LFE12-.LFB12
 1238 0078 00000000 		.4byte	0
 1239 007c 00000000 		.4byte	0
 1240              		.section	.debug_ranges,"",%progbits
 1241              	.Ldebug_ranges0:
 1242 0000 00000000 		.4byte	.LFB0
 1243 0004 20000000 		.4byte	.LFE0
 1244 0008 00000000 		.4byte	.LFB1
 1245 000c 22000000 		.4byte	.LFE1
 1246 0010 00000000 		.4byte	.LFB2
 1247 0014 14000000 		.4byte	.LFE2
 1248 0018 00000000 		.4byte	.LFB3
 1249 001c 18000000 		.4byte	.LFE3
ARM GAS  C:\Users\rdso323\AppData\Local\Temp\ccghkCE4.s 			page 30


 1250 0020 00000000 		.4byte	.LFB4
 1251 0024 24000000 		.4byte	.LFE4
 1252 0028 00000000 		.4byte	.LFB5
 1253 002c 20000000 		.4byte	.LFE5
 1254 0030 00000000 		.4byte	.LFB6
 1255 0034 24000000 		.4byte	.LFE6
 1256 0038 00000000 		.4byte	.LFB7
 1257 003c 24000000 		.4byte	.LFE7
 1258 0040 00000000 		.4byte	.LFB8
 1259 0044 18000000 		.4byte	.LFE8
 1260 0048 00000000 		.4byte	.LFB9
 1261 004c 24000000 		.4byte	.LFE9
 1262 0050 00000000 		.4byte	.LFB10
 1263 0054 18000000 		.4byte	.LFE10
 1264 0058 00000000 		.4byte	.LFB11
 1265 005c 18000000 		.4byte	.LFE11
 1266 0060 00000000 		.4byte	.LFB12
 1267 0064 18000000 		.4byte	.LFE12
 1268 0068 00000000 		.4byte	0
 1269 006c 00000000 		.4byte	0
 1270              		.section	.debug_line,"",%progbits
 1271              	.Ldebug_line0:
 1272 0000 67010000 		.section	.debug_str,"MS",%progbits,1
 1272      02005E00 
 1272      00000201 
 1272      FB0E0D00 
 1272      01010101 
 1273              	.LASF16:
 1274 0000 72656733 		.ascii	"reg32\000"
 1274      3200
 1275              	.LASF13:
 1276 0006 666C6F61 		.ascii	"float\000"
 1276      7400
 1277              	.LASF4:
 1278 000c 73686F72 		.ascii	"short unsigned int\000"
 1278      7420756E 
 1278      7369676E 
 1278      65642069 
 1278      6E7400
 1279              	.LASF10:
 1280 001f 63686172 		.ascii	"char\000"
 1280      00
 1281              	.LASF14:
 1282 0024 646F7562 		.ascii	"double\000"
 1282      6C6500
 1283              	.LASF28:
 1284 002b 69737252 		.ascii	"isrRF_RX_GetPriority\000"
 1284      465F5258 
 1284      5F476574 
 1284      5072696F 
 1284      72697479 
 1285              	.LASF35:
 1286 0040 5C5C756F 		.ascii	"\\\\uoa.auckland.ac.nz\\engdfs\\home\\rdso323\\Desk"
 1286      612E6175 
 1286      636B6C61 
 1286      6E642E61 
 1286      632E6E7A 
ARM GAS  C:\Users\rdso323\AppData\Local\Temp\ccghkCE4.s 			page 31


 1287 006d 746F705C 		.ascii	"top\\psoc student pack\\psoc_code_base\\CS301_Class"
 1287      70736F63 
 1287      20737475 
 1287      64656E74 
 1287      20706163 
 1288 009d 2E637964 		.ascii	".cydsn\000"
 1288      736E00
 1289              	.LASF22:
 1290 00a4 69737252 		.ascii	"isrRF_RX_SetVector\000"
 1290      465F5258 
 1290      5F536574 
 1290      56656374 
 1290      6F7200
 1291              	.LASF2:
 1292 00b7 756E7369 		.ascii	"unsigned char\000"
 1292      676E6564 
 1292      20636861 
 1292      7200
 1293              	.LASF15:
 1294 00c5 72656738 		.ascii	"reg8\000"
 1294      00
 1295              	.LASF34:
 1296 00ca 2E5C4765 		.ascii	".\\Generated_Source\\PSoC5\\isrRF_RX.c\000"
 1296      6E657261 
 1296      7465645F 
 1296      536F7572 
 1296      63655C50 
 1297              	.LASF6:
 1298 00ee 6C6F6E67 		.ascii	"long unsigned int\000"
 1298      20756E73 
 1298      69676E65 
 1298      6420696E 
 1298      7400
 1299              	.LASF11:
 1300 0100 75696E74 		.ascii	"uint8\000"
 1300      3800
 1301              	.LASF29:
 1302 0106 69737252 		.ascii	"isrRF_RX_Enable\000"
 1302      465F5258 
 1302      5F456E61 
 1302      626C6500 
 1303              	.LASF26:
 1304 0116 7072696F 		.ascii	"priority\000"
 1304      72697479 
 1304      00
 1305              	.LASF33:
 1306 011f 474E5520 		.ascii	"GNU C 4.9.3 20150303 (release) [ARM/embedded-4_9-br"
 1306      4320342E 
 1306      392E3320 
 1306      32303135 
 1306      30333033 
 1307 0152 616E6368 		.ascii	"anch revision 221220] -mcpu=cortex-m3 -mthumb -g -O"
 1307      20726576 
 1307      6973696F 
 1307      6E203232 
 1307      31323230 
 1308 0185 30202D66 		.ascii	"0 -ffunction-sections -ffat-lto-objects\000"
ARM GAS  C:\Users\rdso323\AppData\Local\Temp\ccghkCE4.s 			page 32


 1308      66756E63 
 1308      74696F6E 
 1308      2D736563 
 1308      74696F6E 
 1309              	.LASF21:
 1310 01ad 69737252 		.ascii	"isrRF_RX_StartEx\000"
 1310      465F5258 
 1310      5F537461 
 1310      72744578 
 1310      00
 1311              	.LASF31:
 1312 01be 69737252 		.ascii	"isrRF_RX_SetPending\000"
 1312      465F5258 
 1312      5F536574 
 1312      50656E64 
 1312      696E6700 
 1313              	.LASF25:
 1314 01d2 69737252 		.ascii	"isrRF_RX_SetPriority\000"
 1314      465F5258 
 1314      5F536574 
 1314      5072696F 
 1314      72697479 
 1315              	.LASF36:
 1316 01e7 69737252 		.ascii	"isrRF_RX_GetState\000"
 1316      465F5258 
 1316      5F476574 
 1316      53746174 
 1316      6500
 1317              	.LASF12:
 1318 01f9 75696E74 		.ascii	"uint32\000"
 1318      333200
 1319              	.LASF0:
 1320 0200 756E7369 		.ascii	"unsigned int\000"
 1320      676E6564 
 1320      20696E74 
 1320      00
 1321              	.LASF23:
 1322 020d 61646472 		.ascii	"address\000"
 1322      65737300 
 1323              	.LASF8:
 1324 0215 6C6F6E67 		.ascii	"long long unsigned int\000"
 1324      206C6F6E 
 1324      6720756E 
 1324      7369676E 
 1324      65642069 
 1325              	.LASF27:
 1326 022c 69737252 		.ascii	"isrRF_RX_GetVector\000"
 1326      465F5258 
 1326      5F476574 
 1326      56656374 
 1326      6F7200
 1327              	.LASF17:
 1328 023f 63796973 		.ascii	"cyisraddress\000"
 1328      72616464 
 1328      72657373 
 1328      00
 1329              	.LASF20:
ARM GAS  C:\Users\rdso323\AppData\Local\Temp\ccghkCE4.s 			page 33


 1330 024c 69737252 		.ascii	"isrRF_RX_Interrupt\000"
 1330      465F5258 
 1330      5F496E74 
 1330      65727275 
 1330      707400
 1331              	.LASF9:
 1332 025f 73697A65 		.ascii	"sizetype\000"
 1332      74797065 
 1332      00
 1333              	.LASF7:
 1334 0268 6C6F6E67 		.ascii	"long long int\000"
 1334      206C6F6E 
 1334      6720696E 
 1334      7400
 1335              	.LASF32:
 1336 0276 69737252 		.ascii	"isrRF_RX_ClearPending\000"
 1336      465F5258 
 1336      5F436C65 
 1336      61725065 
 1336      6E64696E 
 1337              	.LASF24:
 1338 028c 72616D56 		.ascii	"ramVectorTable\000"
 1338      6563746F 
 1338      72546162 
 1338      6C6500
 1339              	.LASF3:
 1340 029b 73686F72 		.ascii	"short int\000"
 1340      7420696E 
 1340      7400
 1341              	.LASF18:
 1342 02a5 69737252 		.ascii	"isrRF_RX_Start\000"
 1342      465F5258 
 1342      5F537461 
 1342      727400
 1343              	.LASF5:
 1344 02b4 6C6F6E67 		.ascii	"long int\000"
 1344      20696E74 
 1344      00
 1345              	.LASF37:
 1346 02bd 666C6167 		.ascii	"flag_rx\000"
 1346      5F727800 
 1347              	.LASF30:
 1348 02c5 69737252 		.ascii	"isrRF_RX_Disable\000"
 1348      465F5258 
 1348      5F446973 
 1348      61626C65 
 1348      00
 1349              	.LASF1:
 1350 02d6 7369676E 		.ascii	"signed char\000"
 1350      65642063 
 1350      68617200 
 1351              	.LASF19:
 1352 02e2 69737252 		.ascii	"isrRF_RX_Stop\000"
 1352      465F5258 
 1352      5F53746F 
 1352      7000
 1353              		.ident	"GCC: (GNU Tools for ARM Embedded Processors) 4.9.3 20150303 (release) [ARM/embedded-4_9-br
ARM GAS  C:\Users\rdso323\AppData\Local\Temp\ccghkCE4.s 			page 34


