ARM GAS  C:\Users\rdso323\AppData\Local\Temp\ccVASc5s.s 			page 1


   1              		.syntax unified
   2              		.cpu cortex-m3
   3              		.fpu softvfp
   4              		.eabi_attribute 20, 1
   5              		.eabi_attribute 21, 1
   6              		.eabi_attribute 23, 3
   7              		.eabi_attribute 24, 1
   8              		.eabi_attribute 25, 1
   9              		.eabi_attribute 26, 1
  10              		.eabi_attribute 30, 6
  11              		.eabi_attribute 34, 1
  12              		.eabi_attribute 18, 4
  13              		.thumb
  14              		.file	"tacho.c"
  15              		.text
  16              	.Ltext0:
  17              		.cfi_sections	.debug_frame
  18              		.section	.text.get_position,"ax",%progbits
  19              		.align	2
  20              		.global	get_position
  21              		.thumb
  22              		.thumb_func
  23              		.type	get_position, %function
  24              	get_position:
  25              	.LFB63:
  26              		.file 1 ".\\tacho.c"
   1:.\tacho.c     **** /* ========================================
   2:.\tacho.c     ****  *
   3:.\tacho.c     ****  * Copyright YOUR COMPANY, THE YEAR
   4:.\tacho.c     ****  * All Rights Reserved
   5:.\tacho.c     ****  * UNPUBLISHED, LICENSED SOFTWARE.
   6:.\tacho.c     ****  *
   7:.\tacho.c     ****  * CONFIDENTIAL AND PROPRIETARY INFORMATION
   8:.\tacho.c     ****  * WHICH IS THE PROPERTY OF your company.
   9:.\tacho.c     ****  *
  10:.\tacho.c     ****  * ========================================
  11:.\tacho.c     **** */
  12:.\tacho.c     **** 
  13:.\tacho.c     **** #include <project.h>
  14:.\tacho.c     **** #include "defines.h"
  15:.\tacho.c     **** 
  16:.\tacho.c     **** extern int16 speedL, speedR;
  17:.\tacho.c     **** extern int16 posL, posR;
  18:.\tacho.c     **** 
  19:.\tacho.c     **** 
  20:.\tacho.c     **** void get_position(void);
  21:.\tacho.c     **** void get_speed(void);
  22:.\tacho.c     **** 
  23:.\tacho.c     **** //------------------------------------------------------
  24:.\tacho.c     **** void get_position()
  25:.\tacho.c     **** {
  27              		.loc 1 25 0
  28              		.cfi_startproc
  29              		@ args = 0, pretend = 0, frame = 8
  30              		@ frame_needed = 1, uses_anonymous_args = 0
  31 0000 80B5     		push	{r7, lr}
  32              		.cfi_def_cfa_offset 8
ARM GAS  C:\Users\rdso323\AppData\Local\Temp\ccVASc5s.s 			page 2


  33              		.cfi_offset 7, -8
  34              		.cfi_offset 14, -4
  35 0002 82B0     		sub	sp, sp, #8
  36              		.cfi_def_cfa_offset 16
  37 0004 00AF     		add	r7, sp, #0
  38              		.cfi_def_cfa_register 7
  26:.\tacho.c     ****     int pl, pr;
  27:.\tacho.c     **** 
  28:.\tacho.c     ****     pl = QuadDec_M1_GetCounter();
  39              		.loc 1 28 0
  40 0006 FFF7FEFF 		bl	QuadDec_M1_GetCounter
  41 000a 0346     		mov	r3, r0
  42 000c 7B60     		str	r3, [r7, #4]
  29:.\tacho.c     ****     pr = QuadDec_M2_GetCounter();
  43              		.loc 1 29 0
  44 000e FFF7FEFF 		bl	QuadDec_M2_GetCounter
  45 0012 0346     		mov	r3, r0
  46 0014 3B60     		str	r3, [r7]
  30:.\tacho.c     **** 
  31:.\tacho.c     ****     posL = pl;
  47              		.loc 1 31 0
  48 0016 7B68     		ldr	r3, [r7, #4]
  49 0018 9AB2     		uxth	r2, r3
  50 001a 044B     		ldr	r3, .L2
  51 001c 1A80     		strh	r2, [r3]	@ movhi
  32:.\tacho.c     ****     posR = pr;
  52              		.loc 1 32 0
  53 001e 3B68     		ldr	r3, [r7]
  54 0020 9AB2     		uxth	r2, r3
  55 0022 034B     		ldr	r3, .L2+4
  56 0024 1A80     		strh	r2, [r3]	@ movhi
  33:.\tacho.c     **** }
  57              		.loc 1 33 0
  58 0026 0837     		adds	r7, r7, #8
  59              		.cfi_def_cfa_offset 8
  60 0028 BD46     		mov	sp, r7
  61              		.cfi_def_cfa_register 13
  62              		@ sp needed
  63 002a 80BD     		pop	{r7, pc}
  64              	.L3:
  65              		.align	2
  66              	.L2:
  67 002c 00000000 		.word	posL
  68 0030 00000000 		.word	posR
  69              		.cfi_endproc
  70              	.LFE63:
  71              		.size	get_position, .-get_position
  72              		.section	.text.get_speed,"ax",%progbits
  73              		.align	2
  74              		.global	get_speed
  75              		.thumb
  76              		.thumb_func
  77              		.type	get_speed, %function
  78              	get_speed:
  79              	.LFB64:
  34:.\tacho.c     **** //------------------------------------------------------
  35:.\tacho.c     **** void get_speed()
ARM GAS  C:\Users\rdso323\AppData\Local\Temp\ccVASc5s.s 			page 3


  36:.\tacho.c     **** {
  80              		.loc 1 36 0
  81              		.cfi_startproc
  82              		@ args = 0, pretend = 0, frame = 8
  83              		@ frame_needed = 1, uses_anonymous_args = 0
  84 0000 80B5     		push	{r7, lr}
  85              		.cfi_def_cfa_offset 8
  86              		.cfi_offset 7, -8
  87              		.cfi_offset 14, -4
  88 0002 82B0     		sub	sp, sp, #8
  89              		.cfi_def_cfa_offset 16
  90 0004 00AF     		add	r7, sp, #0
  91              		.cfi_def_cfa_register 7
  37:.\tacho.c     ****     int16 pl, pr;
  38:.\tacho.c     ****     
  39:.\tacho.c     ****     // get current position.
  40:.\tacho.c     ****     pl = QuadDec_M1_GetCounter();
  92              		.loc 1 40 0
  93 0006 FFF7FEFF 		bl	QuadDec_M1_GetCounter
  94 000a 0346     		mov	r3, r0
  95 000c FB80     		strh	r3, [r7, #6]	@ movhi
  41:.\tacho.c     ****     pr = QuadDec_M2_GetCounter();
  96              		.loc 1 41 0
  97 000e FFF7FEFF 		bl	QuadDec_M2_GetCounter
  98 0012 0346     		mov	r3, r0
  99 0014 BB80     		strh	r3, [r7, #4]	@ movhi
  42:.\tacho.c     ****     
  43:.\tacho.c     ****     speedL = pl - posL;
 100              		.loc 1 43 0
 101 0016 FA88     		ldrh	r2, [r7, #6]
 102 0018 0C4B     		ldr	r3, .L5
 103 001a 1B88     		ldrh	r3, [r3]
 104 001c 9BB2     		uxth	r3, r3
 105 001e D31A     		subs	r3, r2, r3
 106 0020 9BB2     		uxth	r3, r3
 107 0022 9AB2     		uxth	r2, r3
 108 0024 0A4B     		ldr	r3, .L5+4
 109 0026 1A80     		strh	r2, [r3]	@ movhi
  44:.\tacho.c     ****     speedR = pr - posR;
 110              		.loc 1 44 0
 111 0028 BA88     		ldrh	r2, [r7, #4]
 112 002a 0A4B     		ldr	r3, .L5+8
 113 002c 1B88     		ldrh	r3, [r3]
 114 002e 9BB2     		uxth	r3, r3
 115 0030 D31A     		subs	r3, r2, r3
 116 0032 9BB2     		uxth	r3, r3
 117 0034 9AB2     		uxth	r2, r3
 118 0036 084B     		ldr	r3, .L5+12
 119 0038 1A80     		strh	r2, [r3]	@ movhi
  45:.\tacho.c     ****     posL = pl;
 120              		.loc 1 45 0
 121 003a 044A     		ldr	r2, .L5
 122 003c FB88     		ldrh	r3, [r7, #6]	@ movhi
 123 003e 1380     		strh	r3, [r2]	@ movhi
  46:.\tacho.c     ****     posR = pr;
 124              		.loc 1 46 0
 125 0040 044A     		ldr	r2, .L5+8
ARM GAS  C:\Users\rdso323\AppData\Local\Temp\ccVASc5s.s 			page 4


 126 0042 BB88     		ldrh	r3, [r7, #4]	@ movhi
 127 0044 1380     		strh	r3, [r2]	@ movhi
  47:.\tacho.c     ****     
  48:.\tacho.c     ****     
  49:.\tacho.c     **** //    // Speed of Motor 1
  50:.\tacho.c     **** //    state = QuadDec_M1_GetEvents();
  51:.\tacho.c     **** //    speed = pl - posL;
  52:.\tacho.c     **** //    if ((state & QuadDec_M1_COUNTER_OVERFLOW) != 0x00)
  53:.\tacho.c     **** //        speed += 32767;
  54:.\tacho.c     **** //    
  55:.\tacho.c     **** //    if ((state & QuadDec_M1_COUNTER_UNDERFLOW) != 0x00)
  56:.\tacho.c     **** //        speed += -32768;
  57:.\tacho.c     **** //    speedL = speed;
  58:.\tacho.c     **** //    posL = pl;
  59:.\tacho.c     **** //    
  60:.\tacho.c     **** //    // Speed of Motor 2
  61:.\tacho.c     **** //    state = QuadDec_M2_GetEvents();
  62:.\tacho.c     **** //    speed = pr - posR;
  63:.\tacho.c     **** //    if ((state & QuadDec_M2_COUNTER_OVERFLOW) != 0x00)
  64:.\tacho.c     **** //        speed += 32767;
  65:.\tacho.c     **** //    
  66:.\tacho.c     **** //    if ((state & QuadDec_M2_COUNTER_UNDERFLOW) != 0x00)
  67:.\tacho.c     **** //        speed += -32768;
  68:.\tacho.c     **** //    speedR = speed;    
  69:.\tacho.c     **** //    posR = pr;
  70:.\tacho.c     **** }
 128              		.loc 1 70 0
 129 0046 0837     		adds	r7, r7, #8
 130              		.cfi_def_cfa_offset 8
 131 0048 BD46     		mov	sp, r7
 132              		.cfi_def_cfa_register 13
 133              		@ sp needed
 134 004a 80BD     		pop	{r7, pc}
 135              	.L6:
 136              		.align	2
 137              	.L5:
 138 004c 00000000 		.word	posL
 139 0050 00000000 		.word	speedL
 140 0054 00000000 		.word	posR
 141 0058 00000000 		.word	speedR
 142              		.cfi_endproc
 143              	.LFE64:
 144              		.size	get_speed, .-get_speed
 145              		.text
 146              	.Letext0:
 147              		.file 2 "c:\\program files (x86)\\cypress\\psoc creator\\3.3\\psoc creator\\import\\gnu\\arm\\4.9.
 148              		.file 3 "c:\\program files (x86)\\cypress\\psoc creator\\3.3\\psoc creator\\import\\gnu\\arm\\4.9.
 149              		.file 4 "Generated_Source\\PSoC5/cytypes.h"
 150              		.file 5 "Generated_Source\\PSoC5/core_cm3.h"
 151              		.section	.debug_info,"",%progbits
 152              	.Ldebug_info0:
 153 0000 43010000 		.4byte	0x143
 154 0004 0400     		.2byte	0x4
 155 0006 00000000 		.4byte	.Ldebug_abbrev0
 156 000a 04       		.byte	0x4
 157 000b 01       		.uleb128 0x1
 158 000c 01010000 		.4byte	.LASF23
ARM GAS  C:\Users\rdso323\AppData\Local\Temp\ccVASc5s.s 			page 5


 159 0010 01       		.byte	0x1
 160 0011 96010000 		.4byte	.LASF24
 161 0015 0E000000 		.4byte	.LASF25
 162 0019 00000000 		.4byte	.Ldebug_ranges0+0
 163 001d 00000000 		.4byte	0
 164 0021 00000000 		.4byte	.Ldebug_line0
 165 0025 02       		.uleb128 0x2
 166 0026 01       		.byte	0x1
 167 0027 06       		.byte	0x6
 168 0028 AD010000 		.4byte	.LASF0
 169 002c 02       		.uleb128 0x2
 170 002d 01       		.byte	0x1
 171 002e 08       		.byte	0x8
 172 002f E5000000 		.4byte	.LASF1
 173 0033 02       		.uleb128 0x2
 174 0034 02       		.byte	0x2
 175 0035 05       		.byte	0x5
 176 0036 CE010000 		.4byte	.LASF2
 177 003a 02       		.uleb128 0x2
 178 003b 02       		.byte	0x2
 179 003c 07       		.byte	0x7
 180 003d C6000000 		.4byte	.LASF3
 181 0041 03       		.uleb128 0x3
 182 0042 B9010000 		.4byte	.LASF9
 183 0046 02       		.byte	0x2
 184 0047 3F       		.byte	0x3f
 185 0048 4C000000 		.4byte	0x4c
 186 004c 02       		.uleb128 0x2
 187 004d 04       		.byte	0x4
 188 004e 05       		.byte	0x5
 189 004f F8000000 		.4byte	.LASF4
 190 0053 02       		.uleb128 0x2
 191 0054 04       		.byte	0x4
 192 0055 07       		.byte	0x7
 193 0056 93000000 		.4byte	.LASF5
 194 005a 02       		.uleb128 0x2
 195 005b 08       		.byte	0x8
 196 005c 05       		.byte	0x5
 197 005d 00000000 		.4byte	.LASF6
 198 0061 02       		.uleb128 0x2
 199 0062 08       		.byte	0x8
 200 0063 07       		.byte	0x7
 201 0064 A5000000 		.4byte	.LASF7
 202 0068 04       		.uleb128 0x4
 203 0069 04       		.byte	0x4
 204 006a 05       		.byte	0x5
 205 006b 696E7400 		.ascii	"int\000"
 206 006f 02       		.uleb128 0x2
 207 0070 04       		.byte	0x4
 208 0071 07       		.byte	0x7
 209 0072 72000000 		.4byte	.LASF8
 210 0076 03       		.uleb128 0x3
 211 0077 DE010000 		.4byte	.LASF10
 212 007b 03       		.byte	0x3
 213 007c 2C       		.byte	0x2c
 214 007d 41000000 		.4byte	0x41
 215 0081 05       		.uleb128 0x5
ARM GAS  C:\Users\rdso323\AppData\Local\Temp\ccVASc5s.s 			page 6


 216 0082 D8010000 		.4byte	.LASF11
 217 0086 04       		.byte	0x4
 218 0087 9601     		.2byte	0x196
 219 0089 33000000 		.4byte	0x33
 220 008d 02       		.uleb128 0x2
 221 008e 04       		.byte	0x4
 222 008f 04       		.byte	0x4
 223 0090 C8010000 		.4byte	.LASF12
 224 0094 02       		.uleb128 0x2
 225 0095 08       		.byte	0x8
 226 0096 04       		.byte	0x4
 227 0097 8F010000 		.4byte	.LASF13
 228 009b 02       		.uleb128 0x2
 229 009c 01       		.byte	0x1
 230 009d 08       		.byte	0x8
 231 009e F3000000 		.4byte	.LASF14
 232 00a2 02       		.uleb128 0x2
 233 00a3 04       		.byte	0x4
 234 00a4 07       		.byte	0x7
 235 00a5 E6010000 		.4byte	.LASF15
 236 00a9 06       		.uleb128 0x6
 237 00aa 7F000000 		.4byte	.LASF16
 238 00ae 01       		.byte	0x1
 239 00af 18       		.byte	0x18
 240 00b0 00000000 		.4byte	.LFB63
 241 00b4 34000000 		.4byte	.LFE63-.LFB63
 242 00b8 01       		.uleb128 0x1
 243 00b9 9C       		.byte	0x9c
 244 00ba D9000000 		.4byte	0xd9
 245 00be 07       		.uleb128 0x7
 246 00bf 706C00   		.ascii	"pl\000"
 247 00c2 01       		.byte	0x1
 248 00c3 1A       		.byte	0x1a
 249 00c4 68000000 		.4byte	0x68
 250 00c8 02       		.uleb128 0x2
 251 00c9 91       		.byte	0x91
 252 00ca 74       		.sleb128 -12
 253 00cb 07       		.uleb128 0x7
 254 00cc 707200   		.ascii	"pr\000"
 255 00cf 01       		.byte	0x1
 256 00d0 1A       		.byte	0x1a
 257 00d1 68000000 		.4byte	0x68
 258 00d5 02       		.uleb128 0x2
 259 00d6 91       		.byte	0x91
 260 00d7 70       		.sleb128 -16
 261 00d8 00       		.byte	0
 262 00d9 06       		.uleb128 0x6
 263 00da BC000000 		.4byte	.LASF17
 264 00de 01       		.byte	0x1
 265 00df 23       		.byte	0x23
 266 00e0 00000000 		.4byte	.LFB64
 267 00e4 5C000000 		.4byte	.LFE64-.LFB64
 268 00e8 01       		.uleb128 0x1
 269 00e9 9C       		.byte	0x9c
 270 00ea 09010000 		.4byte	0x109
 271 00ee 07       		.uleb128 0x7
 272 00ef 706C00   		.ascii	"pl\000"
ARM GAS  C:\Users\rdso323\AppData\Local\Temp\ccVASc5s.s 			page 7


 273 00f2 01       		.byte	0x1
 274 00f3 25       		.byte	0x25
 275 00f4 81000000 		.4byte	0x81
 276 00f8 02       		.uleb128 0x2
 277 00f9 91       		.byte	0x91
 278 00fa 76       		.sleb128 -10
 279 00fb 07       		.uleb128 0x7
 280 00fc 707200   		.ascii	"pr\000"
 281 00ff 01       		.byte	0x1
 282 0100 25       		.byte	0x25
 283 0101 81000000 		.4byte	0x81
 284 0105 02       		.uleb128 0x2
 285 0106 91       		.byte	0x91
 286 0107 74       		.sleb128 -12
 287 0108 00       		.byte	0
 288 0109 08       		.uleb128 0x8
 289 010a A0010000 		.4byte	.LASF18
 290 010e 05       		.byte	0x5
 291 010f 9606     		.2byte	0x696
 292 0111 15010000 		.4byte	0x115
 293 0115 09       		.uleb128 0x9
 294 0116 76000000 		.4byte	0x76
 295 011a 0A       		.uleb128 0xa
 296 011b 8C000000 		.4byte	.LASF19
 297 011f 01       		.byte	0x1
 298 0120 10       		.byte	0x10
 299 0121 81000000 		.4byte	0x81
 300 0125 0A       		.uleb128 0xa
 301 0126 D9000000 		.4byte	.LASF20
 302 012a 01       		.byte	0x1
 303 012b 10       		.byte	0x10
 304 012c 81000000 		.4byte	0x81
 305 0130 0A       		.uleb128 0xa
 306 0131 C3010000 		.4byte	.LASF21
 307 0135 01       		.byte	0x1
 308 0136 11       		.byte	0x11
 309 0137 81000000 		.4byte	0x81
 310 013b 0A       		.uleb128 0xa
 311 013c E0000000 		.4byte	.LASF22
 312 0140 01       		.byte	0x1
 313 0141 11       		.byte	0x11
 314 0142 81000000 		.4byte	0x81
 315 0146 00       		.byte	0
 316              		.section	.debug_abbrev,"",%progbits
 317              	.Ldebug_abbrev0:
 318 0000 01       		.uleb128 0x1
 319 0001 11       		.uleb128 0x11
 320 0002 01       		.byte	0x1
 321 0003 25       		.uleb128 0x25
 322 0004 0E       		.uleb128 0xe
 323 0005 13       		.uleb128 0x13
 324 0006 0B       		.uleb128 0xb
 325 0007 03       		.uleb128 0x3
 326 0008 0E       		.uleb128 0xe
 327 0009 1B       		.uleb128 0x1b
 328 000a 0E       		.uleb128 0xe
 329 000b 55       		.uleb128 0x55
ARM GAS  C:\Users\rdso323\AppData\Local\Temp\ccVASc5s.s 			page 8


 330 000c 17       		.uleb128 0x17
 331 000d 11       		.uleb128 0x11
 332 000e 01       		.uleb128 0x1
 333 000f 10       		.uleb128 0x10
 334 0010 17       		.uleb128 0x17
 335 0011 00       		.byte	0
 336 0012 00       		.byte	0
 337 0013 02       		.uleb128 0x2
 338 0014 24       		.uleb128 0x24
 339 0015 00       		.byte	0
 340 0016 0B       		.uleb128 0xb
 341 0017 0B       		.uleb128 0xb
 342 0018 3E       		.uleb128 0x3e
 343 0019 0B       		.uleb128 0xb
 344 001a 03       		.uleb128 0x3
 345 001b 0E       		.uleb128 0xe
 346 001c 00       		.byte	0
 347 001d 00       		.byte	0
 348 001e 03       		.uleb128 0x3
 349 001f 16       		.uleb128 0x16
 350 0020 00       		.byte	0
 351 0021 03       		.uleb128 0x3
 352 0022 0E       		.uleb128 0xe
 353 0023 3A       		.uleb128 0x3a
 354 0024 0B       		.uleb128 0xb
 355 0025 3B       		.uleb128 0x3b
 356 0026 0B       		.uleb128 0xb
 357 0027 49       		.uleb128 0x49
 358 0028 13       		.uleb128 0x13
 359 0029 00       		.byte	0
 360 002a 00       		.byte	0
 361 002b 04       		.uleb128 0x4
 362 002c 24       		.uleb128 0x24
 363 002d 00       		.byte	0
 364 002e 0B       		.uleb128 0xb
 365 002f 0B       		.uleb128 0xb
 366 0030 3E       		.uleb128 0x3e
 367 0031 0B       		.uleb128 0xb
 368 0032 03       		.uleb128 0x3
 369 0033 08       		.uleb128 0x8
 370 0034 00       		.byte	0
 371 0035 00       		.byte	0
 372 0036 05       		.uleb128 0x5
 373 0037 16       		.uleb128 0x16
 374 0038 00       		.byte	0
 375 0039 03       		.uleb128 0x3
 376 003a 0E       		.uleb128 0xe
 377 003b 3A       		.uleb128 0x3a
 378 003c 0B       		.uleb128 0xb
 379 003d 3B       		.uleb128 0x3b
 380 003e 05       		.uleb128 0x5
 381 003f 49       		.uleb128 0x49
 382 0040 13       		.uleb128 0x13
 383 0041 00       		.byte	0
 384 0042 00       		.byte	0
 385 0043 06       		.uleb128 0x6
 386 0044 2E       		.uleb128 0x2e
ARM GAS  C:\Users\rdso323\AppData\Local\Temp\ccVASc5s.s 			page 9


 387 0045 01       		.byte	0x1
 388 0046 3F       		.uleb128 0x3f
 389 0047 19       		.uleb128 0x19
 390 0048 03       		.uleb128 0x3
 391 0049 0E       		.uleb128 0xe
 392 004a 3A       		.uleb128 0x3a
 393 004b 0B       		.uleb128 0xb
 394 004c 3B       		.uleb128 0x3b
 395 004d 0B       		.uleb128 0xb
 396 004e 27       		.uleb128 0x27
 397 004f 19       		.uleb128 0x19
 398 0050 11       		.uleb128 0x11
 399 0051 01       		.uleb128 0x1
 400 0052 12       		.uleb128 0x12
 401 0053 06       		.uleb128 0x6
 402 0054 40       		.uleb128 0x40
 403 0055 18       		.uleb128 0x18
 404 0056 9642     		.uleb128 0x2116
 405 0058 19       		.uleb128 0x19
 406 0059 01       		.uleb128 0x1
 407 005a 13       		.uleb128 0x13
 408 005b 00       		.byte	0
 409 005c 00       		.byte	0
 410 005d 07       		.uleb128 0x7
 411 005e 34       		.uleb128 0x34
 412 005f 00       		.byte	0
 413 0060 03       		.uleb128 0x3
 414 0061 08       		.uleb128 0x8
 415 0062 3A       		.uleb128 0x3a
 416 0063 0B       		.uleb128 0xb
 417 0064 3B       		.uleb128 0x3b
 418 0065 0B       		.uleb128 0xb
 419 0066 49       		.uleb128 0x49
 420 0067 13       		.uleb128 0x13
 421 0068 02       		.uleb128 0x2
 422 0069 18       		.uleb128 0x18
 423 006a 00       		.byte	0
 424 006b 00       		.byte	0
 425 006c 08       		.uleb128 0x8
 426 006d 34       		.uleb128 0x34
 427 006e 00       		.byte	0
 428 006f 03       		.uleb128 0x3
 429 0070 0E       		.uleb128 0xe
 430 0071 3A       		.uleb128 0x3a
 431 0072 0B       		.uleb128 0xb
 432 0073 3B       		.uleb128 0x3b
 433 0074 05       		.uleb128 0x5
 434 0075 49       		.uleb128 0x49
 435 0076 13       		.uleb128 0x13
 436 0077 3F       		.uleb128 0x3f
 437 0078 19       		.uleb128 0x19
 438 0079 3C       		.uleb128 0x3c
 439 007a 19       		.uleb128 0x19
 440 007b 00       		.byte	0
 441 007c 00       		.byte	0
 442 007d 09       		.uleb128 0x9
 443 007e 35       		.uleb128 0x35
ARM GAS  C:\Users\rdso323\AppData\Local\Temp\ccVASc5s.s 			page 10


 444 007f 00       		.byte	0
 445 0080 49       		.uleb128 0x49
 446 0081 13       		.uleb128 0x13
 447 0082 00       		.byte	0
 448 0083 00       		.byte	0
 449 0084 0A       		.uleb128 0xa
 450 0085 34       		.uleb128 0x34
 451 0086 00       		.byte	0
 452 0087 03       		.uleb128 0x3
 453 0088 0E       		.uleb128 0xe
 454 0089 3A       		.uleb128 0x3a
 455 008a 0B       		.uleb128 0xb
 456 008b 3B       		.uleb128 0x3b
 457 008c 0B       		.uleb128 0xb
 458 008d 49       		.uleb128 0x49
 459 008e 13       		.uleb128 0x13
 460 008f 3F       		.uleb128 0x3f
 461 0090 19       		.uleb128 0x19
 462 0091 3C       		.uleb128 0x3c
 463 0092 19       		.uleb128 0x19
 464 0093 00       		.byte	0
 465 0094 00       		.byte	0
 466 0095 00       		.byte	0
 467              		.section	.debug_aranges,"",%progbits
 468 0000 24000000 		.4byte	0x24
 469 0004 0200     		.2byte	0x2
 470 0006 00000000 		.4byte	.Ldebug_info0
 471 000a 04       		.byte	0x4
 472 000b 00       		.byte	0
 473 000c 0000     		.2byte	0
 474 000e 0000     		.2byte	0
 475 0010 00000000 		.4byte	.LFB63
 476 0014 34000000 		.4byte	.LFE63-.LFB63
 477 0018 00000000 		.4byte	.LFB64
 478 001c 5C000000 		.4byte	.LFE64-.LFB64
 479 0020 00000000 		.4byte	0
 480 0024 00000000 		.4byte	0
 481              		.section	.debug_ranges,"",%progbits
 482              	.Ldebug_ranges0:
 483 0000 00000000 		.4byte	.LFB63
 484 0004 34000000 		.4byte	.LFE63
 485 0008 00000000 		.4byte	.LFB64
 486 000c 5C000000 		.4byte	.LFE64
 487 0010 00000000 		.4byte	0
 488 0014 00000000 		.4byte	0
 489              		.section	.debug_line,"",%progbits
 490              	.Ldebug_line0:
 491 0000 7C010000 		.section	.debug_str,"MS",%progbits,1
 491      02004A01 
 491      00000201 
 491      FB0E0D00 
 491      01010101 
 492              	.LASF6:
 493 0000 6C6F6E67 		.ascii	"long long int\000"
 493      206C6F6E 
 493      6720696E 
 493      7400
ARM GAS  C:\Users\rdso323\AppData\Local\Temp\ccVASc5s.s 			page 11


 494              	.LASF25:
 495 000e 5C5C756F 		.ascii	"\\\\uoa.auckland.ac.nz\\engdfs\\home\\rdso323\\Desk"
 495      612E6175 
 495      636B6C61 
 495      6E642E61 
 495      632E6E7A 
 496 003b 746F705C 		.ascii	"top\\psoc student pack\\psoc_code_base\\CS301_Class"
 496      70736F63 
 496      20737475 
 496      64656E74 
 496      20706163 
 497 006b 2E637964 		.ascii	".cydsn\000"
 497      736E00
 498              	.LASF8:
 499 0072 756E7369 		.ascii	"unsigned int\000"
 499      676E6564 
 499      20696E74 
 499      00
 500              	.LASF16:
 501 007f 6765745F 		.ascii	"get_position\000"
 501      706F7369 
 501      74696F6E 
 501      00
 502              	.LASF19:
 503 008c 73706565 		.ascii	"speedL\000"
 503      644C00
 504              	.LASF5:
 505 0093 6C6F6E67 		.ascii	"long unsigned int\000"
 505      20756E73 
 505      69676E65 
 505      6420696E 
 505      7400
 506              	.LASF7:
 507 00a5 6C6F6E67 		.ascii	"long long unsigned int\000"
 507      206C6F6E 
 507      6720756E 
 507      7369676E 
 507      65642069 
 508              	.LASF17:
 509 00bc 6765745F 		.ascii	"get_speed\000"
 509      73706565 
 509      6400
 510              	.LASF3:
 511 00c6 73686F72 		.ascii	"short unsigned int\000"
 511      7420756E 
 511      7369676E 
 511      65642069 
 511      6E7400
 512              	.LASF20:
 513 00d9 73706565 		.ascii	"speedR\000"
 513      645200
 514              	.LASF22:
 515 00e0 706F7352 		.ascii	"posR\000"
 515      00
 516              	.LASF1:
 517 00e5 756E7369 		.ascii	"unsigned char\000"
 517      676E6564 
ARM GAS  C:\Users\rdso323\AppData\Local\Temp\ccVASc5s.s 			page 12


 517      20636861 
 517      7200
 518              	.LASF14:
 519 00f3 63686172 		.ascii	"char\000"
 519      00
 520              	.LASF4:
 521 00f8 6C6F6E67 		.ascii	"long int\000"
 521      20696E74 
 521      00
 522              	.LASF23:
 523 0101 474E5520 		.ascii	"GNU C 4.9.3 20150303 (release) [ARM/embedded-4_9-br"
 523      4320342E 
 523      392E3320 
 523      32303135 
 523      30333033 
 524 0134 616E6368 		.ascii	"anch revision 221220] -mcpu=cortex-m3 -mthumb -g -O"
 524      20726576 
 524      6973696F 
 524      6E203232 
 524      31323230 
 525 0167 30202D66 		.ascii	"0 -ffunction-sections -ffat-lto-objects\000"
 525      66756E63 
 525      74696F6E 
 525      2D736563 
 525      74696F6E 
 526              	.LASF13:
 527 018f 646F7562 		.ascii	"double\000"
 527      6C6500
 528              	.LASF24:
 529 0196 2E5C7461 		.ascii	".\\tacho.c\000"
 529      63686F2E 
 529      6300
 530              	.LASF18:
 531 01a0 49544D5F 		.ascii	"ITM_RxBuffer\000"
 531      52784275 
 531      66666572 
 531      00
 532              	.LASF0:
 533 01ad 7369676E 		.ascii	"signed char\000"
 533      65642063 
 533      68617200 
 534              	.LASF9:
 535 01b9 5F5F696E 		.ascii	"__int32_t\000"
 535      7433325F 
 535      7400
 536              	.LASF21:
 537 01c3 706F734C 		.ascii	"posL\000"
 537      00
 538              	.LASF12:
 539 01c8 666C6F61 		.ascii	"float\000"
 539      7400
 540              	.LASF2:
 541 01ce 73686F72 		.ascii	"short int\000"
 541      7420696E 
 541      7400
 542              	.LASF11:
 543 01d8 696E7431 		.ascii	"int16\000"
ARM GAS  C:\Users\rdso323\AppData\Local\Temp\ccVASc5s.s 			page 13


 543      3600
 544              	.LASF10:
 545 01de 696E7433 		.ascii	"int32_t\000"
 545      325F7400 
 546              	.LASF15:
 547 01e6 73697A65 		.ascii	"sizetype\000"
 547      74797065 
 547      00
 548              		.ident	"GCC: (GNU Tools for ARM Embedded Processors) 4.9.3 20150303 (release) [ARM/embedded-4_9-br
